2024-05-22T11:00:23.849+09:00  INFO 10440 --- [community] [restartedMain] k.c.CommunitySiteBackTeam2Application    : Starting CommunitySiteBackTeam2Application using Java 17.0.9 with PID 10440 (C:\Users\Java2\Desktop\workspace\community-site-back-team2\build\classes\java\main started by Java2 in C:\Users\Java2\Desktop\workspace\community-site-back-team2)
2024-05-22T11:00:23.850+09:00  INFO 10440 --- [community] [restartedMain] k.c.CommunitySiteBackTeam2Application    : No active profile set, falling back to 1 default profile: "default"
2024-05-22T11:00:23.983+09:00  INFO 10440 --- [community] [restartedMain] .e.DevToolsPropertyDefaultsPostProcessor : Devtools property defaults active! Set 'spring.devtools.add-properties' to 'false' to disable
2024-05-22T11:00:23.983+09:00  INFO 10440 --- [community] [restartedMain] .e.DevToolsPropertyDefaultsPostProcessor : For additional web related logging consider setting the 'logging.level.web' property to 'DEBUG'
2024-05-22T11:00:24.384+09:00  INFO 10440 --- [community] [restartedMain] .s.d.r.c.RepositoryConfigurationDelegate : Bootstrapping Spring Data JPA repositories in DEFAULT mode.
2024-05-22T11:00:24.408+09:00  INFO 10440 --- [community] [restartedMain] .s.d.r.c.RepositoryConfigurationDelegate : Finished Spring Data repository scanning in 19 ms. Found 1 JPA repository interface.
2024-05-22T11:00:24.484+09:00  WARN 10440 --- [community] [restartedMain] o.m.s.mapper.ClassPathMapperScanner      : No MyBatis mapper was found in '[kr.communityserver]' package. Please check your configuration.
2024-05-22T11:00:24.753+09:00  INFO 10440 --- [community] [restartedMain] o.s.b.w.embedded.tomcat.TomcatWebServer  : Tomcat initialized with port 8080 (http)
2024-05-22T11:00:24.760+09:00  INFO 10440 --- [community] [restartedMain] o.apache.catalina.core.StandardService   : Starting service [Tomcat]
2024-05-22T11:00:24.760+09:00  INFO 10440 --- [community] [restartedMain] o.apache.catalina.core.StandardEngine    : Starting Servlet engine: [Apache Tomcat/10.1.19]
2024-05-22T11:00:24.787+09:00  INFO 10440 --- [community] [restartedMain] o.a.c.c.C.[.[localhost].[/community]     : Initializing Spring embedded WebApplicationContext
2024-05-22T11:00:24.787+09:00  INFO 10440 --- [community] [restartedMain] w.s.c.ServletWebServerApplicationContext : Root WebApplicationContext: initialization completed in 803 ms
2024-05-22T11:00:24.907+09:00  INFO 10440 --- [community] [restartedMain] o.hibernate.jpa.internal.util.LogHelper  : HHH000204: Processing PersistenceUnitInfo [name: default]
2024-05-22T11:00:24.941+09:00  INFO 10440 --- [community] [restartedMain] org.hibernate.Version                    : HHH000412: Hibernate ORM core version 6.4.4.Final
2024-05-22T11:00:24.962+09:00  INFO 10440 --- [community] [restartedMain] o.h.c.internal.RegionFactoryInitiator    : HHH000026: Second-level cache disabled
2024-05-22T11:00:25.098+09:00  INFO 10440 --- [community] [restartedMain] o.s.o.j.p.SpringPersistenceUnitInfo      : No LoadTimeWeaver setup: ignoring JPA class transformer
2024-05-22T11:00:25.114+09:00  INFO 10440 --- [community] [restartedMain] com.zaxxer.hikari.HikariDataSource       : HikariPool-1 - Starting...
2024-05-22T11:00:25.350+09:00  INFO 10440 --- [community] [restartedMain] com.zaxxer.hikari.pool.HikariPool        : HikariPool-1 - Added connection com.mysql.cj.jdbc.ConnectionImpl@5924a919
2024-05-22T11:00:25.351+09:00  INFO 10440 --- [community] [restartedMain] com.zaxxer.hikari.HikariDataSource       : HikariPool-1 - Start completed.
2024-05-22T11:00:25.399+09:00  WARN 10440 --- [community] [restartedMain] org.hibernate.orm.deprecation            : HHH90000025: MySQLDialect does not need to be specified explicitly using 'hibernate.dialect' (remove the property setting and it will be selected by default)
2024-05-22T11:00:25.835+09:00  INFO 10440 --- [community] [restartedMain] o.h.e.t.j.p.i.JtaPlatformInitiator       : HHH000489: No JTA platform available (set 'hibernate.transaction.jta.platform' to enable JTA platform integration)
2024-05-22T11:00:25.836+09:00  INFO 10440 --- [community] [restartedMain] j.LocalContainerEntityManagerFactoryBean : Initialized JPA EntityManagerFactory for persistence unit 'default'
2024-05-22T11:00:26.003+09:00  WARN 10440 --- [community] [restartedMain] JpaBaseConfiguration$JpaWebConfiguration : spring.jpa.open-in-view is enabled by default. Therefore, database queries may be performed during view rendering. Explicitly configure spring.jpa.open-in-view to disable this warning
2024-05-22T11:00:26.073+09:00  INFO 10440 --- [community] [restartedMain] o.s.b.a.w.s.WelcomePageHandlerMapping    : Adding welcome page template: index
2024-05-22T11:00:26.166+09:00  INFO 10440 --- [community] [restartedMain] o.s.s.web.DefaultSecurityFilterChain     : Will secure any request with [org.springframework.security.web.session.DisableEncodeUrlFilter@6482d52b, org.springframework.security.web.context.request.async.WebAsyncManagerIntegrationFilter@3e9a9c79, org.springframework.security.web.context.SecurityContextHolderFilter@7bc5726d, org.springframework.security.web.header.HeaderWriterFilter@6bac47f4, org.springframework.web.filter.CorsFilter@5a58e121, org.springframework.security.web.authentication.logout.LogoutFilter@225916b4, org.springframework.security.web.authentication.UsernamePasswordAuthenticationFilter@767ad7fa, org.springframework.security.web.savedrequest.RequestCacheAwareFilter@39da0865, org.springframework.security.web.servletapi.SecurityContextHolderAwareRequestFilter@10596782, org.springframework.security.web.authentication.AnonymousAuthenticationFilter@1db0e0ed, org.springframework.security.web.access.ExceptionTranslationFilter@7a3c2304, org.springframework.security.web.access.intercept.AuthorizationFilter@3b3c2fc5]
2024-05-22T11:00:26.356+09:00  INFO 10440 --- [community] [restartedMain] o.s.b.d.a.OptionalLiveReloadServer       : LiveReload server is running on port 35729
2024-05-22T11:00:26.375+09:00  INFO 10440 --- [community] [restartedMain] o.s.b.w.embedded.tomcat.TomcatWebServer  : Tomcat started on port 8080 (http) with context path '/community'
2024-05-22T11:00:26.380+09:00  INFO 10440 --- [community] [restartedMain] k.c.CommunitySiteBackTeam2Application    : Started CommunitySiteBackTeam2Application in 2.771 seconds (process running for 3.103)
2024-05-22T11:07:08.560+09:00  INFO 10440 --- [community] [SpringApplicationShutdownHook] j.LocalContainerEntityManagerFactoryBean : Closing JPA EntityManagerFactory for persistence unit 'default'
2024-05-22T11:07:08.564+09:00  INFO 10440 --- [community] [SpringApplicationShutdownHook] com.zaxxer.hikari.HikariDataSource       : HikariPool-1 - Shutdown initiated...
2024-05-22T11:07:08.667+09:00  INFO 10440 --- [community] [SpringApplicationShutdownHook] com.zaxxer.hikari.HikariDataSource       : HikariPool-1 - Shutdown completed.
2024-05-22T11:07:10.568+09:00  INFO 2728 --- [community] [restartedMain] k.c.CommunitySiteBackTeam2Application    : Starting CommunitySiteBackTeam2Application using Java 17.0.9 with PID 2728 (C:\Users\Java2\Desktop\workspace\community-site-back-team2\build\classes\java\main started by Java2 in C:\Users\Java2\Desktop\workspace\community-site-back-team2)
2024-05-22T11:07:10.569+09:00  INFO 2728 --- [community] [restartedMain] k.c.CommunitySiteBackTeam2Application    : No active profile set, falling back to 1 default profile: "default"
2024-05-22T11:07:10.684+09:00  INFO 2728 --- [community] [restartedMain] .e.DevToolsPropertyDefaultsPostProcessor : Devtools property defaults active! Set 'spring.devtools.add-properties' to 'false' to disable
2024-05-22T11:07:10.684+09:00  INFO 2728 --- [community] [restartedMain] .e.DevToolsPropertyDefaultsPostProcessor : For additional web related logging consider setting the 'logging.level.web' property to 'DEBUG'
2024-05-22T11:07:11.010+09:00  INFO 2728 --- [community] [restartedMain] .s.d.r.c.RepositoryConfigurationDelegate : Bootstrapping Spring Data JPA repositories in DEFAULT mode.
2024-05-22T11:07:11.033+09:00  INFO 2728 --- [community] [restartedMain] .s.d.r.c.RepositoryConfigurationDelegate : Finished Spring Data repository scanning in 18 ms. Found 1 JPA repository interface.
2024-05-22T11:07:11.094+09:00  WARN 2728 --- [community] [restartedMain] o.m.s.mapper.ClassPathMapperScanner      : No MyBatis mapper was found in '[kr.communityserver]' package. Please check your configuration.
2024-05-22T11:07:11.309+09:00  INFO 2728 --- [community] [restartedMain] o.s.b.w.embedded.tomcat.TomcatWebServer  : Tomcat initialized with port 8080 (http)
2024-05-22T11:07:11.315+09:00  INFO 2728 --- [community] [restartedMain] o.apache.catalina.core.StandardService   : Starting service [Tomcat]
2024-05-22T11:07:11.316+09:00  INFO 2728 --- [community] [restartedMain] o.apache.catalina.core.StandardEngine    : Starting Servlet engine: [Apache Tomcat/10.1.19]
2024-05-22T11:07:11.341+09:00  INFO 2728 --- [community] [restartedMain] o.a.c.c.C.[.[localhost].[/community]     : Initializing Spring embedded WebApplicationContext
2024-05-22T11:07:11.342+09:00  INFO 2728 --- [community] [restartedMain] w.s.c.ServletWebServerApplicationContext : Root WebApplicationContext: initialization completed in 657 ms
2024-05-22T11:07:11.411+09:00  INFO 2728 --- [community] [restartedMain] com.zaxxer.hikari.HikariDataSource       : HikariPool-1 - Starting...
2024-05-22T11:07:11.643+09:00  INFO 2728 --- [community] [restartedMain] com.zaxxer.hikari.pool.HikariPool        : HikariPool-1 - Added connection com.mysql.cj.jdbc.ConnectionImpl@614315e0
2024-05-22T11:07:11.646+09:00  INFO 2728 --- [community] [restartedMain] com.zaxxer.hikari.HikariDataSource       : HikariPool-1 - Start completed.
2024-05-22T11:07:11.681+09:00  INFO 2728 --- [community] [restartedMain] o.hibernate.jpa.internal.util.LogHelper  : HHH000204: Processing PersistenceUnitInfo [name: default]
2024-05-22T11:07:11.705+09:00  INFO 2728 --- [community] [restartedMain] org.hibernate.Version                    : HHH000412: Hibernate ORM core version 6.4.4.Final
2024-05-22T11:07:11.722+09:00  INFO 2728 --- [community] [restartedMain] o.h.c.internal.RegionFactoryInitiator    : HHH000026: Second-level cache disabled
2024-05-22T11:07:11.841+09:00  INFO 2728 --- [community] [restartedMain] o.s.o.j.p.SpringPersistenceUnitInfo      : No LoadTimeWeaver setup: ignoring JPA class transformer
2024-05-22T11:07:11.906+09:00  WARN 2728 --- [community] [restartedMain] org.hibernate.orm.deprecation            : HHH90000025: MySQLDialect does not need to be specified explicitly using 'hibernate.dialect' (remove the property setting and it will be selected by default)
2024-05-22T11:07:12.327+09:00  INFO 2728 --- [community] [restartedMain] o.h.e.t.j.p.i.JtaPlatformInitiator       : HHH000489: No JTA platform available (set 'hibernate.transaction.jta.platform' to enable JTA platform integration)
2024-05-22T11:07:12.328+09:00  INFO 2728 --- [community] [restartedMain] j.LocalContainerEntityManagerFactoryBean : Initialized JPA EntityManagerFactory for persistence unit 'default'
2024-05-22T11:07:12.455+09:00  WARN 2728 --- [community] [restartedMain] JpaBaseConfiguration$JpaWebConfiguration : spring.jpa.open-in-view is enabled by default. Therefore, database queries may be performed during view rendering. Explicitly configure spring.jpa.open-in-view to disable this warning
2024-05-22T11:07:12.512+09:00  INFO 2728 --- [community] [restartedMain] o.s.b.a.w.s.WelcomePageHandlerMapping    : Adding welcome page template: index
2024-05-22T11:07:12.593+09:00  INFO 2728 --- [community] [restartedMain] o.s.s.web.DefaultSecurityFilterChain     : Will secure any request with [org.springframework.security.web.session.DisableEncodeUrlFilter@5a6acb05, org.springframework.security.web.context.request.async.WebAsyncManagerIntegrationFilter@cba8ea3, org.springframework.security.web.context.SecurityContextHolderFilter@21be129, org.springframework.security.web.header.HeaderWriterFilter@6fe945fd, org.springframework.web.filter.CorsFilter@44a6e5a5, org.springframework.security.web.authentication.logout.LogoutFilter@3d2ac893, org.springframework.security.web.authentication.UsernamePasswordAuthenticationFilter@22d63a83, org.springframework.security.web.savedrequest.RequestCacheAwareFilter@71fdd0e5, org.springframework.security.web.servletapi.SecurityContextHolderAwareRequestFilter@5f8f1f0d, org.springframework.security.web.authentication.AnonymousAuthenticationFilter@2b07ca9a, org.springframework.security.web.access.ExceptionTranslationFilter@5a58e121, org.springframework.security.web.access.intercept.AuthorizationFilter@4c8350a3]
2024-05-22T11:07:12.774+09:00  INFO 2728 --- [community] [restartedMain] o.s.b.d.a.OptionalLiveReloadServer       : LiveReload server is running on port 35729
2024-05-22T11:07:12.792+09:00  INFO 2728 --- [community] [restartedMain] o.s.b.w.embedded.tomcat.TomcatWebServer  : Tomcat started on port 8080 (http) with context path '/community'
2024-05-22T11:07:12.797+09:00  INFO 2728 --- [community] [restartedMain] k.c.CommunitySiteBackTeam2Application    : Started CommunitySiteBackTeam2Application in 2.431 seconds (process running for 2.706)
2024-05-22T11:10:55.774+09:00  INFO 2728 --- [community] [SpringApplicationShutdownHook] j.LocalContainerEntityManagerFactoryBean : Closing JPA EntityManagerFactory for persistence unit 'default'
2024-05-22T11:10:55.777+09:00  INFO 2728 --- [community] [SpringApplicationShutdownHook] com.zaxxer.hikari.HikariDataSource       : HikariPool-1 - Shutdown initiated...
2024-05-22T11:10:55.880+09:00  INFO 2728 --- [community] [SpringApplicationShutdownHook] com.zaxxer.hikari.HikariDataSource       : HikariPool-1 - Shutdown completed.
2024-05-22T11:10:57.641+09:00  INFO 7000 --- [community] [restartedMain] k.c.CommunitySiteBackTeam2Application    : Starting CommunitySiteBackTeam2Application using Java 17.0.9 with PID 7000 (C:\Users\Java2\Desktop\workspace\community-site-back-team2\build\classes\java\main started by Java2 in C:\Users\Java2\Desktop\workspace\community-site-back-team2)
2024-05-22T11:10:57.642+09:00  INFO 7000 --- [community] [restartedMain] k.c.CommunitySiteBackTeam2Application    : No active profile set, falling back to 1 default profile: "default"
2024-05-22T11:10:57.776+09:00  INFO 7000 --- [community] [restartedMain] .e.DevToolsPropertyDefaultsPostProcessor : Devtools property defaults active! Set 'spring.devtools.add-properties' to 'false' to disable
2024-05-22T11:10:57.776+09:00  INFO 7000 --- [community] [restartedMain] .e.DevToolsPropertyDefaultsPostProcessor : For additional web related logging consider setting the 'logging.level.web' property to 'DEBUG'
2024-05-22T11:10:58.142+09:00  INFO 7000 --- [community] [restartedMain] .s.d.r.c.RepositoryConfigurationDelegate : Bootstrapping Spring Data JPA repositories in DEFAULT mode.
2024-05-22T11:10:58.165+09:00  INFO 7000 --- [community] [restartedMain] .s.d.r.c.RepositoryConfigurationDelegate : Finished Spring Data repository scanning in 19 ms. Found 1 JPA repository interface.
2024-05-22T11:10:58.240+09:00  WARN 7000 --- [community] [restartedMain] o.m.s.mapper.ClassPathMapperScanner      : No MyBatis mapper was found in '[kr.communityserver]' package. Please check your configuration.
2024-05-22T11:10:58.457+09:00  INFO 7000 --- [community] [restartedMain] o.s.b.w.embedded.tomcat.TomcatWebServer  : Tomcat initialized with port 8080 (http)
2024-05-22T11:10:58.463+09:00  INFO 7000 --- [community] [restartedMain] o.apache.catalina.core.StandardService   : Starting service [Tomcat]
2024-05-22T11:10:58.464+09:00  INFO 7000 --- [community] [restartedMain] o.apache.catalina.core.StandardEngine    : Starting Servlet engine: [Apache Tomcat/10.1.19]
2024-05-22T11:10:58.489+09:00  INFO 7000 --- [community] [restartedMain] o.a.c.c.C.[.[localhost].[/community]     : Initializing Spring embedded WebApplicationContext
2024-05-22T11:10:58.489+09:00  INFO 7000 --- [community] [restartedMain] w.s.c.ServletWebServerApplicationContext : Root WebApplicationContext: initialization completed in 713 ms
2024-05-22T11:10:58.566+09:00  INFO 7000 --- [community] [restartedMain] o.hibernate.jpa.internal.util.LogHelper  : HHH000204: Processing PersistenceUnitInfo [name: default]
2024-05-22T11:10:58.591+09:00  INFO 7000 --- [community] [restartedMain] org.hibernate.Version                    : HHH000412: Hibernate ORM core version 6.4.4.Final
2024-05-22T11:10:58.607+09:00  INFO 7000 --- [community] [restartedMain] o.h.c.internal.RegionFactoryInitiator    : HHH000026: Second-level cache disabled
2024-05-22T11:10:58.735+09:00  INFO 7000 --- [community] [restartedMain] o.s.o.j.p.SpringPersistenceUnitInfo      : No LoadTimeWeaver setup: ignoring JPA class transformer
2024-05-22T11:10:58.749+09:00  INFO 7000 --- [community] [restartedMain] com.zaxxer.hikari.HikariDataSource       : HikariPool-1 - Starting...
2024-05-22T11:10:58.973+09:00  INFO 7000 --- [community] [restartedMain] com.zaxxer.hikari.pool.HikariPool        : HikariPool-1 - Added connection com.mysql.cj.jdbc.ConnectionImpl@139b7714
2024-05-22T11:10:58.976+09:00  INFO 7000 --- [community] [restartedMain] com.zaxxer.hikari.HikariDataSource       : HikariPool-1 - Start completed.
2024-05-22T11:10:59.026+09:00  WARN 7000 --- [community] [restartedMain] org.hibernate.orm.deprecation            : HHH90000025: MySQLDialect does not need to be specified explicitly using 'hibernate.dialect' (remove the property setting and it will be selected by default)
2024-05-22T11:10:59.445+09:00  INFO 7000 --- [community] [restartedMain] o.h.e.t.j.p.i.JtaPlatformInitiator       : HHH000489: No JTA platform available (set 'hibernate.transaction.jta.platform' to enable JTA platform integration)
2024-05-22T11:10:59.493+09:00  INFO 7000 --- [community] [restartedMain] j.LocalContainerEntityManagerFactoryBean : Initialized JPA EntityManagerFactory for persistence unit 'default'
2024-05-22T11:10:59.616+09:00  WARN 7000 --- [community] [restartedMain] JpaBaseConfiguration$JpaWebConfiguration : spring.jpa.open-in-view is enabled by default. Therefore, database queries may be performed during view rendering. Explicitly configure spring.jpa.open-in-view to disable this warning
2024-05-22T11:10:59.679+09:00  INFO 7000 --- [community] [restartedMain] o.s.b.a.w.s.WelcomePageHandlerMapping    : Adding welcome page template: index
2024-05-22T11:10:59.759+09:00  INFO 7000 --- [community] [restartedMain] o.s.s.web.DefaultSecurityFilterChain     : Will secure any request with [org.springframework.security.web.session.DisableEncodeUrlFilter@68a9bf3d, org.springframework.security.web.context.request.async.WebAsyncManagerIntegrationFilter@158f7810, org.springframework.security.web.context.SecurityContextHolderFilter@1c99d2c9, org.springframework.security.web.header.HeaderWriterFilter@3e085c8d, org.springframework.web.filter.CorsFilter@2ae23c02, org.springframework.security.web.authentication.logout.LogoutFilter@dea939e, org.springframework.security.web.authentication.UsernamePasswordAuthenticationFilter@4a0c72e, org.springframework.security.web.savedrequest.RequestCacheAwareFilter@502b4d10, org.springframework.security.web.servletapi.SecurityContextHolderAwareRequestFilter@7481c785, org.springframework.security.web.authentication.AnonymousAuthenticationFilter@134233b1, org.springframework.security.web.access.ExceptionTranslationFilter@3bebbd, org.springframework.security.web.access.intercept.AuthorizationFilter@6f125929]
2024-05-22T11:10:59.947+09:00  INFO 7000 --- [community] [restartedMain] o.s.b.d.a.OptionalLiveReloadServer       : LiveReload server is running on port 35729
2024-05-22T11:10:59.966+09:00  INFO 7000 --- [community] [restartedMain] o.s.b.w.embedded.tomcat.TomcatWebServer  : Tomcat started on port 8080 (http) with context path '/community'
2024-05-22T11:10:59.971+09:00  INFO 7000 --- [community] [restartedMain] k.c.CommunitySiteBackTeam2Application    : Started CommunitySiteBackTeam2Application in 2.532 seconds (process running for 2.804)
2024-05-22T11:11:42.754+09:00  INFO 7000 --- [community] [SpringApplicationShutdownHook] j.LocalContainerEntityManagerFactoryBean : Closing JPA EntityManagerFactory for persistence unit 'default'
2024-05-22T11:11:42.757+09:00  INFO 7000 --- [community] [SpringApplicationShutdownHook] com.zaxxer.hikari.HikariDataSource       : HikariPool-1 - Shutdown initiated...
2024-05-22T11:11:42.860+09:00  INFO 7000 --- [community] [SpringApplicationShutdownHook] com.zaxxer.hikari.HikariDataSource       : HikariPool-1 - Shutdown completed.
2024-05-22T11:11:44.716+09:00  INFO 10580 --- [community] [restartedMain] k.c.CommunitySiteBackTeam2Application    : Starting CommunitySiteBackTeam2Application using Java 17.0.9 with PID 10580 (C:\Users\Java2\Desktop\workspace\community-site-back-team2\build\classes\java\main started by Java2 in C:\Users\Java2\Desktop\workspace\community-site-back-team2)
2024-05-22T11:11:44.718+09:00  INFO 10580 --- [community] [restartedMain] k.c.CommunitySiteBackTeam2Application    : No active profile set, falling back to 1 default profile: "default"
2024-05-22T11:11:44.866+09:00  INFO 10580 --- [community] [restartedMain] .e.DevToolsPropertyDefaultsPostProcessor : Devtools property defaults active! Set 'spring.devtools.add-properties' to 'false' to disable
2024-05-22T11:11:44.866+09:00  INFO 10580 --- [community] [restartedMain] .e.DevToolsPropertyDefaultsPostProcessor : For additional web related logging consider setting the 'logging.level.web' property to 'DEBUG'
2024-05-22T11:11:45.280+09:00  INFO 10580 --- [community] [restartedMain] .s.d.r.c.RepositoryConfigurationDelegate : Bootstrapping Spring Data JPA repositories in DEFAULT mode.
2024-05-22T11:11:45.303+09:00  INFO 10580 --- [community] [restartedMain] .s.d.r.c.RepositoryConfigurationDelegate : Finished Spring Data repository scanning in 18 ms. Found 1 JPA repository interface.
2024-05-22T11:11:45.368+09:00  WARN 10580 --- [community] [restartedMain] o.m.s.mapper.ClassPathMapperScanner      : No MyBatis mapper was found in '[kr.communityserver]' package. Please check your configuration.
2024-05-22T11:11:45.579+09:00  INFO 10580 --- [community] [restartedMain] o.s.b.w.embedded.tomcat.TomcatWebServer  : Tomcat initialized with port 8080 (http)
2024-05-22T11:11:45.586+09:00  INFO 10580 --- [community] [restartedMain] o.apache.catalina.core.StandardService   : Starting service [Tomcat]
2024-05-22T11:11:45.586+09:00  INFO 10580 --- [community] [restartedMain] o.apache.catalina.core.StandardEngine    : Starting Servlet engine: [Apache Tomcat/10.1.19]
2024-05-22T11:11:45.611+09:00  INFO 10580 --- [community] [restartedMain] o.a.c.c.C.[.[localhost].[/community]     : Initializing Spring embedded WebApplicationContext
2024-05-22T11:11:45.611+09:00  INFO 10580 --- [community] [restartedMain] w.s.c.ServletWebServerApplicationContext : Root WebApplicationContext: initialization completed in 744 ms
2024-05-22T11:11:45.689+09:00  INFO 10580 --- [community] [restartedMain] o.hibernate.jpa.internal.util.LogHelper  : HHH000204: Processing PersistenceUnitInfo [name: default]
2024-05-22T11:11:45.714+09:00  INFO 10580 --- [community] [restartedMain] org.hibernate.Version                    : HHH000412: Hibernate ORM core version 6.4.4.Final
2024-05-22T11:11:45.731+09:00  INFO 10580 --- [community] [restartedMain] o.h.c.internal.RegionFactoryInitiator    : HHH000026: Second-level cache disabled
2024-05-22T11:11:45.862+09:00  INFO 10580 --- [community] [restartedMain] o.s.o.j.p.SpringPersistenceUnitInfo      : No LoadTimeWeaver setup: ignoring JPA class transformer
2024-05-22T11:11:45.876+09:00  INFO 10580 --- [community] [restartedMain] com.zaxxer.hikari.HikariDataSource       : HikariPool-1 - Starting...
2024-05-22T11:11:46.099+09:00  INFO 10580 --- [community] [restartedMain] com.zaxxer.hikari.pool.HikariPool        : HikariPool-1 - Added connection com.mysql.cj.jdbc.ConnectionImpl@7a043c39
2024-05-22T11:11:46.101+09:00  INFO 10580 --- [community] [restartedMain] com.zaxxer.hikari.HikariDataSource       : HikariPool-1 - Start completed.
2024-05-22T11:11:46.151+09:00  WARN 10580 --- [community] [restartedMain] org.hibernate.orm.deprecation            : HHH90000025: MySQLDialect does not need to be specified explicitly using 'hibernate.dialect' (remove the property setting and it will be selected by default)
2024-05-22T11:11:46.579+09:00  INFO 10580 --- [community] [restartedMain] o.h.e.t.j.p.i.JtaPlatformInitiator       : HHH000489: No JTA platform available (set 'hibernate.transaction.jta.platform' to enable JTA platform integration)
2024-05-22T11:11:46.622+09:00  INFO 10580 --- [community] [restartedMain] j.LocalContainerEntityManagerFactoryBean : Initialized JPA EntityManagerFactory for persistence unit 'default'
2024-05-22T11:11:46.749+09:00  WARN 10580 --- [community] [restartedMain] JpaBaseConfiguration$JpaWebConfiguration : spring.jpa.open-in-view is enabled by default. Therefore, database queries may be performed during view rendering. Explicitly configure spring.jpa.open-in-view to disable this warning
2024-05-22T11:11:46.821+09:00  INFO 10580 --- [community] [restartedMain] o.s.b.a.w.s.WelcomePageHandlerMapping    : Adding welcome page template: index
2024-05-22T11:11:46.925+09:00  INFO 10580 --- [community] [restartedMain] o.s.s.web.DefaultSecurityFilterChain     : Will secure any request with [org.springframework.security.web.session.DisableEncodeUrlFilter@18324269, org.springframework.security.web.context.request.async.WebAsyncManagerIntegrationFilter@315e062c, org.springframework.security.web.context.SecurityContextHolderFilter@24796e60, org.springframework.security.web.header.HeaderWriterFilter@671b3688, org.springframework.web.filter.CorsFilter@b367d95, org.springframework.security.web.authentication.logout.LogoutFilter@a0d0811, org.springframework.security.web.authentication.UsernamePasswordAuthenticationFilter@2ae23c02, org.springframework.security.web.savedrequest.RequestCacheAwareFilter@59b0114d, org.springframework.security.web.servletapi.SecurityContextHolderAwareRequestFilter@525c9eba, org.springframework.security.web.authentication.AnonymousAuthenticationFilter@71653832, org.springframework.security.web.access.ExceptionTranslationFilter@60858737, org.springframework.security.web.access.intercept.AuthorizationFilter@31131ad1]
2024-05-22T11:11:47.136+09:00  INFO 10580 --- [community] [restartedMain] o.s.b.d.a.OptionalLiveReloadServer       : LiveReload server is running on port 35729
2024-05-22T11:11:47.158+09:00  INFO 10580 --- [community] [restartedMain] o.s.b.w.embedded.tomcat.TomcatWebServer  : Tomcat started on port 8080 (http) with context path '/community'
2024-05-22T11:11:47.163+09:00  INFO 10580 --- [community] [restartedMain] k.c.CommunitySiteBackTeam2Application    : Started CommunitySiteBackTeam2Application in 2.695 seconds (process running for 2.965)
2024-05-22T11:12:13.414+09:00  INFO 10580 --- [community] [http-nio-8080-exec-1] o.a.c.c.C.[.[localhost].[/community]     : Initializing Spring DispatcherServlet 'dispatcherServlet'
2024-05-22T11:12:13.414+09:00  INFO 10580 --- [community] [http-nio-8080-exec-1] o.s.web.servlet.DispatcherServlet        : Initializing Servlet 'dispatcherServlet'
2024-05-22T11:12:13.415+09:00  INFO 10580 --- [community] [http-nio-8080-exec-1] o.s.web.servlet.DispatcherServlet        : Completed initialization in 1 ms
2024-05-22T14:29:16.064+09:00  INFO 10580 --- [community] [SpringApplicationShutdownHook] j.LocalContainerEntityManagerFactoryBean : Closing JPA EntityManagerFactory for persistence unit 'default'
2024-05-22T14:29:16.068+09:00  INFO 10580 --- [community] [SpringApplicationShutdownHook] com.zaxxer.hikari.HikariDataSource       : HikariPool-1 - Shutdown initiated...
2024-05-22T14:29:16.164+09:00  INFO 10580 --- [community] [SpringApplicationShutdownHook] com.zaxxer.hikari.HikariDataSource       : HikariPool-1 - Shutdown completed.
2024-05-22T14:29:17.609+09:00  INFO 9416 --- [community] [restartedMain] k.c.CommunitySiteBackTeam2Application    : Starting CommunitySiteBackTeam2Application using Java 17.0.9 with PID 9416 (C:\Users\Java2\Desktop\workspace\community-site-back-team2\build\classes\java\main started by Java2 in C:\Users\Java2\Desktop\workspace\community-site-back-team2)
2024-05-22T14:29:17.616+09:00  INFO 9416 --- [community] [restartedMain] k.c.CommunitySiteBackTeam2Application    : No active profile set, falling back to 1 default profile: "default"
2024-05-22T14:29:17.792+09:00  INFO 9416 --- [community] [restartedMain] .e.DevToolsPropertyDefaultsPostProcessor : Devtools property defaults active! Set 'spring.devtools.add-properties' to 'false' to disable
2024-05-22T14:29:17.793+09:00  INFO 9416 --- [community] [restartedMain] .e.DevToolsPropertyDefaultsPostProcessor : For additional web related logging consider setting the 'logging.level.web' property to 'DEBUG'
2024-05-22T14:29:18.160+09:00  INFO 9416 --- [community] [restartedMain] .s.d.r.c.RepositoryConfigurationDelegate : Bootstrapping Spring Data JPA repositories in DEFAULT mode.
2024-05-22T14:29:18.183+09:00  INFO 9416 --- [community] [restartedMain] .s.d.r.c.RepositoryConfigurationDelegate : Finished Spring Data repository scanning in 19 ms. Found 1 JPA repository interface.
2024-05-22T14:29:18.257+09:00  WARN 9416 --- [community] [restartedMain] o.m.s.mapper.ClassPathMapperScanner      : No MyBatis mapper was found in '[kr.communityserver]' package. Please check your configuration.
2024-05-22T14:29:18.509+09:00  INFO 9416 --- [community] [restartedMain] o.s.b.w.embedded.tomcat.TomcatWebServer  : Tomcat initialized with port 8080 (http)
2024-05-22T14:29:18.516+09:00  INFO 9416 --- [community] [restartedMain] o.apache.catalina.core.StandardService   : Starting service [Tomcat]
2024-05-22T14:29:18.517+09:00  INFO 9416 --- [community] [restartedMain] o.apache.catalina.core.StandardEngine    : Starting Servlet engine: [Apache Tomcat/10.1.19]
2024-05-22T14:29:18.546+09:00  INFO 9416 --- [community] [restartedMain] o.a.c.c.C.[.[localhost].[/community]     : Initializing Spring embedded WebApplicationContext
2024-05-22T14:29:18.546+09:00  INFO 9416 --- [community] [restartedMain] w.s.c.ServletWebServerApplicationContext : Root WebApplicationContext: initialization completed in 753 ms
2024-05-22T14:29:18.636+09:00  INFO 9416 --- [community] [restartedMain] o.hibernate.jpa.internal.util.LogHelper  : HHH000204: Processing PersistenceUnitInfo [name: default]
2024-05-22T14:29:18.677+09:00  INFO 9416 --- [community] [restartedMain] org.hibernate.Version                    : HHH000412: Hibernate ORM core version 6.4.4.Final
2024-05-22T14:29:18.700+09:00  INFO 9416 --- [community] [restartedMain] o.h.c.internal.RegionFactoryInitiator    : HHH000026: Second-level cache disabled
2024-05-22T14:29:18.861+09:00  INFO 9416 --- [community] [restartedMain] o.s.o.j.p.SpringPersistenceUnitInfo      : No LoadTimeWeaver setup: ignoring JPA class transformer
2024-05-22T14:29:18.879+09:00  INFO 9416 --- [community] [restartedMain] com.zaxxer.hikari.HikariDataSource       : HikariPool-1 - Starting...
2024-05-22T14:29:19.173+09:00  INFO 9416 --- [community] [restartedMain] com.zaxxer.hikari.pool.HikariPool        : HikariPool-1 - Added connection com.mysql.cj.jdbc.ConnectionImpl@775ce8cb
2024-05-22T14:29:19.175+09:00  INFO 9416 --- [community] [restartedMain] com.zaxxer.hikari.HikariDataSource       : HikariPool-1 - Start completed.
2024-05-22T14:29:19.230+09:00  WARN 9416 --- [community] [restartedMain] org.hibernate.orm.deprecation            : HHH90000025: MySQLDialect does not need to be specified explicitly using 'hibernate.dialect' (remove the property setting and it will be selected by default)
2024-05-22T14:29:19.734+09:00  INFO 9416 --- [community] [restartedMain] o.h.e.t.j.p.i.JtaPlatformInitiator       : HHH000489: No JTA platform available (set 'hibernate.transaction.jta.platform' to enable JTA platform integration)
2024-05-22T14:29:19.794+09:00  INFO 9416 --- [community] [restartedMain] j.LocalContainerEntityManagerFactoryBean : Initialized JPA EntityManagerFactory for persistence unit 'default'
2024-05-22T14:29:19.971+09:00  WARN 9416 --- [community] [restartedMain] JpaBaseConfiguration$JpaWebConfiguration : spring.jpa.open-in-view is enabled by default. Therefore, database queries may be performed during view rendering. Explicitly configure spring.jpa.open-in-view to disable this warning
2024-05-22T14:29:20.033+09:00  INFO 9416 --- [community] [restartedMain] o.s.b.a.w.s.WelcomePageHandlerMapping    : Adding welcome page template: index
2024-05-22T14:29:20.092+09:00  INFO 9416 --- [community] [restartedMain] o.s.s.web.DefaultSecurityFilterChain     : Will secure any request with [org.springframework.security.web.session.DisableEncodeUrlFilter@25921721, org.springframework.security.web.context.request.async.WebAsyncManagerIntegrationFilter@5671e64d, org.springframework.security.web.context.SecurityContextHolderFilter@ef1170e, org.springframework.security.web.header.HeaderWriterFilter@2604d3b, org.springframework.web.filter.CorsFilter@6503cfd1, org.springframework.security.web.authentication.logout.LogoutFilter@77763187, org.springframework.security.web.authentication.UsernamePasswordAuthenticationFilter@7b4a4978, org.springframework.security.web.savedrequest.RequestCacheAwareFilter@2e6f4d5d, org.springframework.security.web.servletapi.SecurityContextHolderAwareRequestFilter@5fe7edd3, org.springframework.security.web.authentication.AnonymousAuthenticationFilter@cbb88a0, org.springframework.security.web.access.ExceptionTranslationFilter@44800cc9, org.springframework.security.web.access.intercept.AuthorizationFilter@3e79ad2b]
2024-05-22T14:29:20.317+09:00  INFO 9416 --- [community] [restartedMain] o.s.b.d.a.OptionalLiveReloadServer       : LiveReload server is running on port 35729
2024-05-22T14:29:20.339+09:00  INFO 9416 --- [community] [restartedMain] o.s.b.w.embedded.tomcat.TomcatWebServer  : Tomcat started on port 8080 (http) with context path '/community'
2024-05-22T14:29:20.345+09:00  INFO 9416 --- [community] [restartedMain] k.c.CommunitySiteBackTeam2Application    : Started CommunitySiteBackTeam2Application in 3.03 seconds (process running for 3.375)
2024-05-22T14:29:38.095+09:00  INFO 9416 --- [community] [http-nio-8080-exec-2] o.a.c.c.C.[.[localhost].[/community]     : Initializing Spring DispatcherServlet 'dispatcherServlet'
2024-05-22T14:29:38.096+09:00  INFO 9416 --- [community] [http-nio-8080-exec-2] o.s.web.servlet.DispatcherServlet        : Initializing Servlet 'dispatcherServlet'
2024-05-22T14:29:38.097+09:00  INFO 9416 --- [community] [http-nio-8080-exec-2] o.s.web.servlet.DispatcherServlet        : Completed initialization in 1 ms
2024-05-22T14:31:37.393+09:00  INFO 9416 --- [community] [SpringApplicationShutdownHook] j.LocalContainerEntityManagerFactoryBean : Closing JPA EntityManagerFactory for persistence unit 'default'
2024-05-22T14:31:37.396+09:00  INFO 9416 --- [community] [SpringApplicationShutdownHook] com.zaxxer.hikari.HikariDataSource       : HikariPool-1 - Shutdown initiated...
2024-05-22T14:31:37.495+09:00  INFO 9416 --- [community] [SpringApplicationShutdownHook] com.zaxxer.hikari.HikariDataSource       : HikariPool-1 - Shutdown completed.
2024-05-22T14:31:39.257+09:00  INFO 8876 --- [community] [restartedMain] k.c.CommunitySiteBackTeam2Application    : Starting CommunitySiteBackTeam2Application using Java 17.0.9 with PID 8876 (C:\Users\Java2\Desktop\workspace\community-site-back-team2\build\classes\java\main started by Java2 in C:\Users\Java2\Desktop\workspace\community-site-back-team2)
2024-05-22T14:31:39.259+09:00  INFO 8876 --- [community] [restartedMain] k.c.CommunitySiteBackTeam2Application    : No active profile set, falling back to 1 default profile: "default"
2024-05-22T14:31:39.380+09:00  INFO 8876 --- [community] [restartedMain] .e.DevToolsPropertyDefaultsPostProcessor : Devtools property defaults active! Set 'spring.devtools.add-properties' to 'false' to disable
2024-05-22T14:31:39.380+09:00  INFO 8876 --- [community] [restartedMain] .e.DevToolsPropertyDefaultsPostProcessor : For additional web related logging consider setting the 'logging.level.web' property to 'DEBUG'
2024-05-22T14:31:39.720+09:00  INFO 8876 --- [community] [restartedMain] .s.d.r.c.RepositoryConfigurationDelegate : Bootstrapping Spring Data JPA repositories in DEFAULT mode.
2024-05-22T14:31:39.748+09:00  INFO 8876 --- [community] [restartedMain] .s.d.r.c.RepositoryConfigurationDelegate : Finished Spring Data repository scanning in 20 ms. Found 1 JPA repository interface.
2024-05-22T14:31:39.816+09:00  WARN 8876 --- [community] [restartedMain] o.m.s.mapper.ClassPathMapperScanner      : No MyBatis mapper was found in '[kr.communityserver]' package. Please check your configuration.
2024-05-22T14:31:40.031+09:00  INFO 8876 --- [community] [restartedMain] o.s.b.w.embedded.tomcat.TomcatWebServer  : Tomcat initialized with port 8080 (http)
2024-05-22T14:31:40.037+09:00  INFO 8876 --- [community] [restartedMain] o.apache.catalina.core.StandardService   : Starting service [Tomcat]
2024-05-22T14:31:40.037+09:00  INFO 8876 --- [community] [restartedMain] o.apache.catalina.core.StandardEngine    : Starting Servlet engine: [Apache Tomcat/10.1.19]
2024-05-22T14:31:40.062+09:00  INFO 8876 --- [community] [restartedMain] o.a.c.c.C.[.[localhost].[/community]     : Initializing Spring embedded WebApplicationContext
2024-05-22T14:31:40.063+09:00  INFO 8876 --- [community] [restartedMain] w.s.c.ServletWebServerApplicationContext : Root WebApplicationContext: initialization completed in 682 ms
2024-05-22T14:31:40.141+09:00  INFO 8876 --- [community] [restartedMain] o.hibernate.jpa.internal.util.LogHelper  : HHH000204: Processing PersistenceUnitInfo [name: default]
2024-05-22T14:31:40.165+09:00  INFO 8876 --- [community] [restartedMain] org.hibernate.Version                    : HHH000412: Hibernate ORM core version 6.4.4.Final
2024-05-22T14:31:40.182+09:00  INFO 8876 --- [community] [restartedMain] o.h.c.internal.RegionFactoryInitiator    : HHH000026: Second-level cache disabled
2024-05-22T14:31:40.307+09:00  INFO 8876 --- [community] [restartedMain] o.s.o.j.p.SpringPersistenceUnitInfo      : No LoadTimeWeaver setup: ignoring JPA class transformer
2024-05-22T14:31:40.321+09:00  INFO 8876 --- [community] [restartedMain] com.zaxxer.hikari.HikariDataSource       : HikariPool-1 - Starting...
2024-05-22T14:31:40.540+09:00  INFO 8876 --- [community] [restartedMain] com.zaxxer.hikari.pool.HikariPool        : HikariPool-1 - Added connection com.mysql.cj.jdbc.ConnectionImpl@73e36abd
2024-05-22T14:31:40.543+09:00  INFO 8876 --- [community] [restartedMain] com.zaxxer.hikari.HikariDataSource       : HikariPool-1 - Start completed.
2024-05-22T14:31:40.593+09:00  WARN 8876 --- [community] [restartedMain] org.hibernate.orm.deprecation            : HHH90000025: MySQLDialect does not need to be specified explicitly using 'hibernate.dialect' (remove the property setting and it will be selected by default)
2024-05-22T14:31:41.014+09:00  INFO 8876 --- [community] [restartedMain] o.h.e.t.j.p.i.JtaPlatformInitiator       : HHH000489: No JTA platform available (set 'hibernate.transaction.jta.platform' to enable JTA platform integration)
2024-05-22T14:31:41.056+09:00  INFO 8876 --- [community] [restartedMain] j.LocalContainerEntityManagerFactoryBean : Initialized JPA EntityManagerFactory for persistence unit 'default'
2024-05-22T14:31:41.215+09:00  WARN 8876 --- [community] [restartedMain] JpaBaseConfiguration$JpaWebConfiguration : spring.jpa.open-in-view is enabled by default. Therefore, database queries may be performed during view rendering. Explicitly configure spring.jpa.open-in-view to disable this warning
2024-05-22T14:31:41.272+09:00  INFO 8876 --- [community] [restartedMain] o.s.b.a.w.s.WelcomePageHandlerMapping    : Adding welcome page template: index
2024-05-22T14:31:41.322+09:00  INFO 8876 --- [community] [restartedMain] o.s.s.web.DefaultSecurityFilterChain     : Will secure any request with [org.springframework.security.web.session.DisableEncodeUrlFilter@6269c851, org.springframework.security.web.context.request.async.WebAsyncManagerIntegrationFilter@7935a147, org.springframework.security.web.context.SecurityContextHolderFilter@1fb0a58c, org.springframework.security.web.header.HeaderWriterFilter@81f831, org.springframework.web.filter.CorsFilter@70a43b84, org.springframework.security.web.authentication.logout.LogoutFilter@715234de, org.springframework.security.web.authentication.UsernamePasswordAuthenticationFilter@39a782c6, org.springframework.security.web.savedrequest.RequestCacheAwareFilter@cfc19ef, org.springframework.security.web.servletapi.SecurityContextHolderAwareRequestFilter@7a996e6f, org.springframework.security.web.authentication.AnonymousAuthenticationFilter@52dae813, org.springframework.security.web.access.ExceptionTranslationFilter@2d7d893b, org.springframework.security.web.access.intercept.AuthorizationFilter@3c14ea79]
2024-05-22T14:31:41.497+09:00  INFO 8876 --- [community] [restartedMain] o.s.b.d.a.OptionalLiveReloadServer       : LiveReload server is running on port 35729
2024-05-22T14:31:41.514+09:00  INFO 8876 --- [community] [restartedMain] o.s.b.w.embedded.tomcat.TomcatWebServer  : Tomcat started on port 8080 (http) with context path '/community'
2024-05-22T14:31:41.518+09:00  INFO 8876 --- [community] [restartedMain] k.c.CommunitySiteBackTeam2Application    : Started CommunitySiteBackTeam2Application in 2.516 seconds (process running for 2.8)
2024-05-22T14:31:42.608+09:00  INFO 8876 --- [community] [http-nio-8080-exec-1] o.a.c.c.C.[.[localhost].[/community]     : Initializing Spring DispatcherServlet 'dispatcherServlet'
2024-05-22T14:31:42.609+09:00  INFO 8876 --- [community] [http-nio-8080-exec-1] o.s.web.servlet.DispatcherServlet        : Initializing Servlet 'dispatcherServlet'
2024-05-22T14:31:42.610+09:00  INFO 8876 --- [community] [http-nio-8080-exec-1] o.s.web.servlet.DispatcherServlet        : Completed initialization in 1 ms
2024-05-22T14:36:34.699+09:00  INFO 8876 --- [community] [SpringApplicationShutdownHook] j.LocalContainerEntityManagerFactoryBean : Closing JPA EntityManagerFactory for persistence unit 'default'
2024-05-22T14:36:34.703+09:00  INFO 8876 --- [community] [SpringApplicationShutdownHook] com.zaxxer.hikari.HikariDataSource       : HikariPool-1 - Shutdown initiated...
2024-05-22T14:36:34.799+09:00  INFO 8876 --- [community] [SpringApplicationShutdownHook] com.zaxxer.hikari.HikariDataSource       : HikariPool-1 - Shutdown completed.
2024-05-22T14:36:36.359+09:00  INFO 11008 --- [community] [restartedMain] k.c.CommunitySiteBackTeam2Application    : Starting CommunitySiteBackTeam2Application using Java 17.0.9 with PID 11008 (C:\Users\Java2\Desktop\workspace\community-site-back-team2\build\classes\java\main started by Java2 in C:\Users\Java2\Desktop\workspace\community-site-back-team2)
2024-05-22T14:36:36.360+09:00  INFO 11008 --- [community] [restartedMain] k.c.CommunitySiteBackTeam2Application    : No active profile set, falling back to 1 default profile: "default"
2024-05-22T14:36:36.479+09:00  INFO 11008 --- [community] [restartedMain] .e.DevToolsPropertyDefaultsPostProcessor : Devtools property defaults active! Set 'spring.devtools.add-properties' to 'false' to disable
2024-05-22T14:36:36.479+09:00  INFO 11008 --- [community] [restartedMain] .e.DevToolsPropertyDefaultsPostProcessor : For additional web related logging consider setting the 'logging.level.web' property to 'DEBUG'
2024-05-22T14:36:36.810+09:00  INFO 11008 --- [community] [restartedMain] .s.d.r.c.RepositoryConfigurationDelegate : Bootstrapping Spring Data JPA repositories in DEFAULT mode.
2024-05-22T14:36:36.838+09:00  INFO 11008 --- [community] [restartedMain] .s.d.r.c.RepositoryConfigurationDelegate : Finished Spring Data repository scanning in 23 ms. Found 1 JPA repository interface.
2024-05-22T14:36:36.907+09:00  WARN 11008 --- [community] [restartedMain] o.m.s.mapper.ClassPathMapperScanner      : No MyBatis mapper was found in '[kr.communityserver]' package. Please check your configuration.
2024-05-22T14:36:37.116+09:00  INFO 11008 --- [community] [restartedMain] o.s.b.w.embedded.tomcat.TomcatWebServer  : Tomcat initialized with port 8080 (http)
2024-05-22T14:36:37.121+09:00  INFO 11008 --- [community] [restartedMain] o.apache.catalina.core.StandardService   : Starting service [Tomcat]
2024-05-22T14:36:37.122+09:00  INFO 11008 --- [community] [restartedMain] o.apache.catalina.core.StandardEngine    : Starting Servlet engine: [Apache Tomcat/10.1.19]
2024-05-22T14:36:37.146+09:00  INFO 11008 --- [community] [restartedMain] o.a.c.c.C.[.[localhost].[/community]     : Initializing Spring embedded WebApplicationContext
2024-05-22T14:36:37.147+09:00  INFO 11008 --- [community] [restartedMain] w.s.c.ServletWebServerApplicationContext : Root WebApplicationContext: initialization completed in 668 ms
2024-05-22T14:36:37.225+09:00  INFO 11008 --- [community] [restartedMain] o.hibernate.jpa.internal.util.LogHelper  : HHH000204: Processing PersistenceUnitInfo [name: default]
2024-05-22T14:36:37.251+09:00  INFO 11008 --- [community] [restartedMain] org.hibernate.Version                    : HHH000412: Hibernate ORM core version 6.4.4.Final
2024-05-22T14:36:37.267+09:00  INFO 11008 --- [community] [restartedMain] o.h.c.internal.RegionFactoryInitiator    : HHH000026: Second-level cache disabled
2024-05-22T14:36:37.394+09:00  INFO 11008 --- [community] [restartedMain] o.s.o.j.p.SpringPersistenceUnitInfo      : No LoadTimeWeaver setup: ignoring JPA class transformer
2024-05-22T14:36:37.409+09:00  INFO 11008 --- [community] [restartedMain] com.zaxxer.hikari.HikariDataSource       : HikariPool-1 - Starting...
2024-05-22T14:36:37.626+09:00  INFO 11008 --- [community] [restartedMain] com.zaxxer.hikari.pool.HikariPool        : HikariPool-1 - Added connection com.mysql.cj.jdbc.ConnectionImpl@2eaad1b2
2024-05-22T14:36:37.627+09:00  INFO 11008 --- [community] [restartedMain] com.zaxxer.hikari.HikariDataSource       : HikariPool-1 - Start completed.
2024-05-22T14:36:37.677+09:00  WARN 11008 --- [community] [restartedMain] org.hibernate.orm.deprecation            : HHH90000025: MySQLDialect does not need to be specified explicitly using 'hibernate.dialect' (remove the property setting and it will be selected by default)
2024-05-22T14:36:38.111+09:00  INFO 11008 --- [community] [restartedMain] o.h.e.t.j.p.i.JtaPlatformInitiator       : HHH000489: No JTA platform available (set 'hibernate.transaction.jta.platform' to enable JTA platform integration)
2024-05-22T14:36:38.156+09:00  INFO 11008 --- [community] [restartedMain] j.LocalContainerEntityManagerFactoryBean : Initialized JPA EntityManagerFactory for persistence unit 'default'
2024-05-22T14:36:38.346+09:00  WARN 11008 --- [community] [restartedMain] JpaBaseConfiguration$JpaWebConfiguration : spring.jpa.open-in-view is enabled by default. Therefore, database queries may be performed during view rendering. Explicitly configure spring.jpa.open-in-view to disable this warning
2024-05-22T14:36:38.406+09:00  INFO 11008 --- [community] [restartedMain] o.s.b.a.w.s.WelcomePageHandlerMapping    : Adding welcome page template: index
2024-05-22T14:36:38.454+09:00  INFO 11008 --- [community] [restartedMain] o.s.s.web.DefaultSecurityFilterChain     : Will secure any request with [org.springframework.security.web.session.DisableEncodeUrlFilter@74490638, org.springframework.security.web.context.request.async.WebAsyncManagerIntegrationFilter@3bc7c392, org.springframework.security.web.context.SecurityContextHolderFilter@2eb1118a, org.springframework.security.web.header.HeaderWriterFilter@71bd6f8a, org.springframework.web.filter.CorsFilter@479d6d64, org.springframework.security.web.authentication.logout.LogoutFilter@5ad8a2e9, org.springframework.security.web.authentication.UsernamePasswordAuthenticationFilter@979629f, org.springframework.security.web.savedrequest.RequestCacheAwareFilter@4473a670, org.springframework.security.web.servletapi.SecurityContextHolderAwareRequestFilter@356fe8bb, org.springframework.security.web.authentication.AnonymousAuthenticationFilter@300f196, org.springframework.security.web.access.ExceptionTranslationFilter@59e9cf90, org.springframework.security.web.access.intercept.AuthorizationFilter@4dd04229]
2024-05-22T14:36:38.632+09:00  INFO 11008 --- [community] [restartedMain] o.s.b.d.a.OptionalLiveReloadServer       : LiveReload server is running on port 35729
2024-05-22T14:36:38.649+09:00  INFO 11008 --- [community] [restartedMain] o.s.b.w.embedded.tomcat.TomcatWebServer  : Tomcat started on port 8080 (http) with context path '/community'
2024-05-22T14:36:38.654+09:00  INFO 11008 --- [community] [restartedMain] k.c.CommunitySiteBackTeam2Application    : Started CommunitySiteBackTeam2Application in 2.515 seconds (process running for 2.793)
2024-05-22T14:36:42.340+09:00  INFO 11008 --- [community] [http-nio-8080-exec-1] o.a.c.c.C.[.[localhost].[/community]     : Initializing Spring DispatcherServlet 'dispatcherServlet'
2024-05-22T14:36:42.340+09:00  INFO 11008 --- [community] [http-nio-8080-exec-1] o.s.web.servlet.DispatcherServlet        : Initializing Servlet 'dispatcherServlet'
2024-05-22T14:36:42.341+09:00  INFO 11008 --- [community] [http-nio-8080-exec-1] o.s.web.servlet.DispatcherServlet        : Completed initialization in 1 ms
2024-05-22T14:37:21.982+09:00  INFO 11008 --- [community] [SpringApplicationShutdownHook] j.LocalContainerEntityManagerFactoryBean : Closing JPA EntityManagerFactory for persistence unit 'default'
2024-05-22T14:37:21.985+09:00  INFO 11008 --- [community] [SpringApplicationShutdownHook] com.zaxxer.hikari.HikariDataSource       : HikariPool-1 - Shutdown initiated...
2024-05-22T14:37:22.082+09:00  INFO 11008 --- [community] [SpringApplicationShutdownHook] com.zaxxer.hikari.HikariDataSource       : HikariPool-1 - Shutdown completed.
2024-05-22T14:37:23.396+09:00  INFO 5948 --- [community] [restartedMain] k.c.CommunitySiteBackTeam2Application    : Starting CommunitySiteBackTeam2Application using Java 17.0.9 with PID 5948 (C:\Users\Java2\Desktop\workspace\community-site-back-team2\build\classes\java\main started by Java2 in C:\Users\Java2\Desktop\workspace\community-site-back-team2)
2024-05-22T14:37:23.397+09:00  INFO 5948 --- [community] [restartedMain] k.c.CommunitySiteBackTeam2Application    : No active profile set, falling back to 1 default profile: "default"
2024-05-22T14:37:23.530+09:00  INFO 5948 --- [community] [restartedMain] .e.DevToolsPropertyDefaultsPostProcessor : Devtools property defaults active! Set 'spring.devtools.add-properties' to 'false' to disable
2024-05-22T14:37:23.530+09:00  INFO 5948 --- [community] [restartedMain] .e.DevToolsPropertyDefaultsPostProcessor : For additional web related logging consider setting the 'logging.level.web' property to 'DEBUG'
2024-05-22T14:37:23.872+09:00  INFO 5948 --- [community] [restartedMain] .s.d.r.c.RepositoryConfigurationDelegate : Bootstrapping Spring Data JPA repositories in DEFAULT mode.
2024-05-22T14:37:23.894+09:00  INFO 5948 --- [community] [restartedMain] .s.d.r.c.RepositoryConfigurationDelegate : Finished Spring Data repository scanning in 18 ms. Found 1 JPA repository interface.
2024-05-22T14:37:23.973+09:00  WARN 5948 --- [community] [restartedMain] o.m.s.mapper.ClassPathMapperScanner      : No MyBatis mapper was found in '[kr.communityserver]' package. Please check your configuration.
2024-05-22T14:37:24.195+09:00  INFO 5948 --- [community] [restartedMain] o.s.b.w.embedded.tomcat.TomcatWebServer  : Tomcat initialized with port 8080 (http)
2024-05-22T14:37:24.201+09:00  INFO 5948 --- [community] [restartedMain] o.apache.catalina.core.StandardService   : Starting service [Tomcat]
2024-05-22T14:37:24.201+09:00  INFO 5948 --- [community] [restartedMain] o.apache.catalina.core.StandardEngine    : Starting Servlet engine: [Apache Tomcat/10.1.19]
2024-05-22T14:37:24.228+09:00  INFO 5948 --- [community] [restartedMain] o.a.c.c.C.[.[localhost].[/community]     : Initializing Spring embedded WebApplicationContext
2024-05-22T14:37:24.228+09:00  INFO 5948 --- [community] [restartedMain] w.s.c.ServletWebServerApplicationContext : Root WebApplicationContext: initialization completed in 698 ms
2024-05-22T14:37:24.308+09:00  INFO 5948 --- [community] [restartedMain] o.hibernate.jpa.internal.util.LogHelper  : HHH000204: Processing PersistenceUnitInfo [name: default]
2024-05-22T14:37:24.333+09:00  INFO 5948 --- [community] [restartedMain] org.hibernate.Version                    : HHH000412: Hibernate ORM core version 6.4.4.Final
2024-05-22T14:37:24.349+09:00  INFO 5948 --- [community] [restartedMain] o.h.c.internal.RegionFactoryInitiator    : HHH000026: Second-level cache disabled
2024-05-22T14:37:24.476+09:00  INFO 5948 --- [community] [restartedMain] o.s.o.j.p.SpringPersistenceUnitInfo      : No LoadTimeWeaver setup: ignoring JPA class transformer
2024-05-22T14:37:24.490+09:00  INFO 5948 --- [community] [restartedMain] com.zaxxer.hikari.HikariDataSource       : HikariPool-1 - Starting...
2024-05-22T14:37:24.718+09:00  INFO 5948 --- [community] [restartedMain] com.zaxxer.hikari.pool.HikariPool        : HikariPool-1 - Added connection com.mysql.cj.jdbc.ConnectionImpl@4de2f8c7
2024-05-22T14:37:24.720+09:00  INFO 5948 --- [community] [restartedMain] com.zaxxer.hikari.HikariDataSource       : HikariPool-1 - Start completed.
2024-05-22T14:37:24.770+09:00  WARN 5948 --- [community] [restartedMain] org.hibernate.orm.deprecation            : HHH90000025: MySQLDialect does not need to be specified explicitly using 'hibernate.dialect' (remove the property setting and it will be selected by default)
2024-05-22T14:37:25.192+09:00  INFO 5948 --- [community] [restartedMain] o.h.e.t.j.p.i.JtaPlatformInitiator       : HHH000489: No JTA platform available (set 'hibernate.transaction.jta.platform' to enable JTA platform integration)
2024-05-22T14:37:25.237+09:00  INFO 5948 --- [community] [restartedMain] j.LocalContainerEntityManagerFactoryBean : Initialized JPA EntityManagerFactory for persistence unit 'default'
2024-05-22T14:37:25.418+09:00  WARN 5948 --- [community] [restartedMain] JpaBaseConfiguration$JpaWebConfiguration : spring.jpa.open-in-view is enabled by default. Therefore, database queries may be performed during view rendering. Explicitly configure spring.jpa.open-in-view to disable this warning
2024-05-22T14:37:25.477+09:00  INFO 5948 --- [community] [restartedMain] o.s.b.a.w.s.WelcomePageHandlerMapping    : Adding welcome page template: index
2024-05-22T14:37:25.530+09:00  INFO 5948 --- [community] [restartedMain] o.s.s.web.DefaultSecurityFilterChain     : Will secure any request with [org.springframework.security.web.session.DisableEncodeUrlFilter@70a43b84, org.springframework.security.web.context.request.async.WebAsyncManagerIntegrationFilter@52dae813, org.springframework.security.web.context.SecurityContextHolderFilter@cfc19ef, org.springframework.security.web.header.HeaderWriterFilter@13bca5ea, org.springframework.web.filter.CorsFilter@7edd9959, org.springframework.security.web.authentication.logout.LogoutFilter@4e3b23c, org.springframework.security.web.authentication.UsernamePasswordAuthenticationFilter@78319205, org.springframework.security.web.savedrequest.RequestCacheAwareFilter@609f3875, org.springframework.security.web.servletapi.SecurityContextHolderAwareRequestFilter@c3da413, org.springframework.security.web.authentication.AnonymousAuthenticationFilter@2a36205c, org.springframework.security.web.access.ExceptionTranslationFilter@81f831, org.springframework.security.web.access.intercept.AuthorizationFilter@2540112]
2024-05-22T14:37:25.718+09:00  INFO 5948 --- [community] [restartedMain] o.s.b.d.a.OptionalLiveReloadServer       : LiveReload server is running on port 35729
2024-05-22T14:37:25.736+09:00  INFO 5948 --- [community] [restartedMain] o.s.b.w.embedded.tomcat.TomcatWebServer  : Tomcat started on port 8080 (http) with context path '/community'
2024-05-22T14:37:25.741+09:00  INFO 5948 --- [community] [restartedMain] k.c.CommunitySiteBackTeam2Application    : Started CommunitySiteBackTeam2Application in 2.548 seconds (process running for 2.843)
2024-05-22T14:37:34.293+09:00  INFO 5948 --- [community] [http-nio-8080-exec-1] o.a.c.c.C.[.[localhost].[/community]     : Initializing Spring DispatcherServlet 'dispatcherServlet'
2024-05-22T14:37:34.293+09:00  INFO 5948 --- [community] [http-nio-8080-exec-1] o.s.web.servlet.DispatcherServlet        : Initializing Servlet 'dispatcherServlet'
2024-05-22T14:37:34.294+09:00  INFO 5948 --- [community] [http-nio-8080-exec-1] o.s.web.servlet.DispatcherServlet        : Completed initialization in 1 ms
2024-05-22T14:38:29.672+09:00  INFO 5948 --- [community] [SpringApplicationShutdownHook] j.LocalContainerEntityManagerFactoryBean : Closing JPA EntityManagerFactory for persistence unit 'default'
2024-05-22T14:38:29.674+09:00  INFO 5948 --- [community] [SpringApplicationShutdownHook] com.zaxxer.hikari.HikariDataSource       : HikariPool-1 - Shutdown initiated...
2024-05-22T14:38:29.774+09:00  INFO 5948 --- [community] [SpringApplicationShutdownHook] com.zaxxer.hikari.HikariDataSource       : HikariPool-1 - Shutdown completed.
2024-05-22T14:38:31.372+09:00  INFO 17044 --- [community] [restartedMain] k.c.CommunitySiteBackTeam2Application    : Starting CommunitySiteBackTeam2Application using Java 17.0.9 with PID 17044 (C:\Users\Java2\Desktop\workspace\community-site-back-team2\build\classes\java\main started by Java2 in C:\Users\Java2\Desktop\workspace\community-site-back-team2)
2024-05-22T14:38:31.373+09:00  INFO 17044 --- [community] [restartedMain] k.c.CommunitySiteBackTeam2Application    : No active profile set, falling back to 1 default profile: "default"
2024-05-22T14:38:31.495+09:00  INFO 17044 --- [community] [restartedMain] .e.DevToolsPropertyDefaultsPostProcessor : Devtools property defaults active! Set 'spring.devtools.add-properties' to 'false' to disable
2024-05-22T14:38:31.495+09:00  INFO 17044 --- [community] [restartedMain] .e.DevToolsPropertyDefaultsPostProcessor : For additional web related logging consider setting the 'logging.level.web' property to 'DEBUG'
2024-05-22T14:38:31.830+09:00  INFO 17044 --- [community] [restartedMain] .s.d.r.c.RepositoryConfigurationDelegate : Bootstrapping Spring Data JPA repositories in DEFAULT mode.
2024-05-22T14:38:31.855+09:00  INFO 17044 --- [community] [restartedMain] .s.d.r.c.RepositoryConfigurationDelegate : Finished Spring Data repository scanning in 20 ms. Found 1 JPA repository interface.
2024-05-22T14:38:31.949+09:00  WARN 17044 --- [community] [restartedMain] o.m.s.mapper.ClassPathMapperScanner      : No MyBatis mapper was found in '[kr.communityserver]' package. Please check your configuration.
2024-05-22T14:38:32.167+09:00  INFO 17044 --- [community] [restartedMain] o.s.b.w.embedded.tomcat.TomcatWebServer  : Tomcat initialized with port 8080 (http)
2024-05-22T14:38:32.173+09:00  INFO 17044 --- [community] [restartedMain] o.apache.catalina.core.StandardService   : Starting service [Tomcat]
2024-05-22T14:38:32.173+09:00  INFO 17044 --- [community] [restartedMain] o.apache.catalina.core.StandardEngine    : Starting Servlet engine: [Apache Tomcat/10.1.19]
2024-05-22T14:38:32.198+09:00  INFO 17044 --- [community] [restartedMain] o.a.c.c.C.[.[localhost].[/community]     : Initializing Spring embedded WebApplicationContext
2024-05-22T14:38:32.199+09:00  INFO 17044 --- [community] [restartedMain] w.s.c.ServletWebServerApplicationContext : Root WebApplicationContext: initialization completed in 703 ms
2024-05-22T14:38:32.277+09:00  INFO 17044 --- [community] [restartedMain] o.hibernate.jpa.internal.util.LogHelper  : HHH000204: Processing PersistenceUnitInfo [name: default]
2024-05-22T14:38:32.303+09:00  INFO 17044 --- [community] [restartedMain] org.hibernate.Version                    : HHH000412: Hibernate ORM core version 6.4.4.Final
2024-05-22T14:38:32.319+09:00  INFO 17044 --- [community] [restartedMain] o.h.c.internal.RegionFactoryInitiator    : HHH000026: Second-level cache disabled
2024-05-22T14:38:32.446+09:00  INFO 17044 --- [community] [restartedMain] o.s.o.j.p.SpringPersistenceUnitInfo      : No LoadTimeWeaver setup: ignoring JPA class transformer
2024-05-22T14:38:32.460+09:00  INFO 17044 --- [community] [restartedMain] com.zaxxer.hikari.HikariDataSource       : HikariPool-1 - Starting...
2024-05-22T14:38:32.683+09:00  INFO 17044 --- [community] [restartedMain] com.zaxxer.hikari.pool.HikariPool        : HikariPool-1 - Added connection com.mysql.cj.jdbc.ConnectionImpl@2cd7b756
2024-05-22T14:38:32.685+09:00  INFO 17044 --- [community] [restartedMain] com.zaxxer.hikari.HikariDataSource       : HikariPool-1 - Start completed.
2024-05-22T14:38:32.733+09:00  WARN 17044 --- [community] [restartedMain] org.hibernate.orm.deprecation            : HHH90000025: MySQLDialect does not need to be specified explicitly using 'hibernate.dialect' (remove the property setting and it will be selected by default)
2024-05-22T14:38:33.153+09:00  INFO 17044 --- [community] [restartedMain] o.h.e.t.j.p.i.JtaPlatformInitiator       : HHH000489: No JTA platform available (set 'hibernate.transaction.jta.platform' to enable JTA platform integration)
2024-05-22T14:38:33.196+09:00  INFO 17044 --- [community] [restartedMain] j.LocalContainerEntityManagerFactoryBean : Initialized JPA EntityManagerFactory for persistence unit 'default'
2024-05-22T14:38:33.356+09:00  WARN 17044 --- [community] [restartedMain] JpaBaseConfiguration$JpaWebConfiguration : spring.jpa.open-in-view is enabled by default. Therefore, database queries may be performed during view rendering. Explicitly configure spring.jpa.open-in-view to disable this warning
2024-05-22T14:38:33.411+09:00  INFO 17044 --- [community] [restartedMain] o.s.b.a.w.s.WelcomePageHandlerMapping    : Adding welcome page template: index
2024-05-22T14:38:33.463+09:00  INFO 17044 --- [community] [restartedMain] o.s.s.web.DefaultSecurityFilterChain     : Will secure any request with [org.springframework.security.web.session.DisableEncodeUrlFilter@1bb9516f, org.springframework.security.web.context.request.async.WebAsyncManagerIntegrationFilter@4b972430, org.springframework.security.web.context.SecurityContextHolderFilter@471830f6, org.springframework.security.web.header.HeaderWriterFilter@5fe7edd3, org.springframework.web.filter.CorsFilter@5fce85be, org.springframework.security.web.authentication.logout.LogoutFilter@7b4a4978, org.springframework.security.web.authentication.UsernamePasswordAuthenticationFilter@1e7194f5, org.springframework.security.web.savedrequest.RequestCacheAwareFilter@380452f3, org.springframework.security.web.servletapi.SecurityContextHolderAwareRequestFilter@6781b52e, org.springframework.security.web.authentication.AnonymousAuthenticationFilter@4455993e, org.springframework.security.web.access.ExceptionTranslationFilter@e788a7e, org.springframework.security.web.access.intercept.AuthorizationFilter@cbb88a0]
2024-05-22T14:38:33.647+09:00  INFO 17044 --- [community] [restartedMain] o.s.b.d.a.OptionalLiveReloadServer       : LiveReload server is running on port 35729
2024-05-22T14:38:33.664+09:00  INFO 17044 --- [community] [restartedMain] o.s.b.w.embedded.tomcat.TomcatWebServer  : Tomcat started on port 8080 (http) with context path '/community'
2024-05-22T14:38:33.668+09:00  INFO 17044 --- [community] [restartedMain] k.c.CommunitySiteBackTeam2Application    : Started CommunitySiteBackTeam2Application in 2.51 seconds (process running for 2.777)
2024-05-22T14:38:40.805+09:00  INFO 17044 --- [community] [http-nio-8080-exec-1] o.a.c.c.C.[.[localhost].[/community]     : Initializing Spring DispatcherServlet 'dispatcherServlet'
2024-05-22T14:38:40.805+09:00  INFO 17044 --- [community] [http-nio-8080-exec-1] o.s.web.servlet.DispatcherServlet        : Initializing Servlet 'dispatcherServlet'
2024-05-22T14:38:40.806+09:00  INFO 17044 --- [community] [http-nio-8080-exec-1] o.s.web.servlet.DispatcherServlet        : Completed initialization in 1 ms
2024-05-22T14:41:47.441+09:00  INFO 17044 --- [community] [SpringApplicationShutdownHook] j.LocalContainerEntityManagerFactoryBean : Closing JPA EntityManagerFactory for persistence unit 'default'
2024-05-22T14:41:47.445+09:00  INFO 17044 --- [community] [SpringApplicationShutdownHook] com.zaxxer.hikari.HikariDataSource       : HikariPool-1 - Shutdown initiated...
2024-05-22T14:41:47.544+09:00  INFO 17044 --- [community] [SpringApplicationShutdownHook] com.zaxxer.hikari.HikariDataSource       : HikariPool-1 - Shutdown completed.
2024-05-22T14:41:49.217+09:00  INFO 12412 --- [community] [restartedMain] k.c.CommunitySiteBackTeam2Application    : Starting CommunitySiteBackTeam2Application using Java 17.0.9 with PID 12412 (C:\Users\Java2\Desktop\workspace\community-site-back-team2\build\classes\java\main started by Java2 in C:\Users\Java2\Desktop\workspace\community-site-back-team2)
2024-05-22T14:41:49.218+09:00  INFO 12412 --- [community] [restartedMain] k.c.CommunitySiteBackTeam2Application    : No active profile set, falling back to 1 default profile: "default"
2024-05-22T14:41:49.354+09:00  INFO 12412 --- [community] [restartedMain] .e.DevToolsPropertyDefaultsPostProcessor : Devtools property defaults active! Set 'spring.devtools.add-properties' to 'false' to disable
2024-05-22T14:41:49.354+09:00  INFO 12412 --- [community] [restartedMain] .e.DevToolsPropertyDefaultsPostProcessor : For additional web related logging consider setting the 'logging.level.web' property to 'DEBUG'
2024-05-22T14:41:49.734+09:00  INFO 12412 --- [community] [restartedMain] .s.d.r.c.RepositoryConfigurationDelegate : Bootstrapping Spring Data JPA repositories in DEFAULT mode.
2024-05-22T14:41:49.764+09:00  INFO 12412 --- [community] [restartedMain] .s.d.r.c.RepositoryConfigurationDelegate : Finished Spring Data repository scanning in 25 ms. Found 1 JPA repository interface.
2024-05-22T14:41:49.838+09:00  WARN 12412 --- [community] [restartedMain] o.m.s.mapper.ClassPathMapperScanner      : No MyBatis mapper was found in '[kr.communityserver]' package. Please check your configuration.
2024-05-22T14:41:50.061+09:00  INFO 12412 --- [community] [restartedMain] o.s.b.w.embedded.tomcat.TomcatWebServer  : Tomcat initialized with port 8080 (http)
2024-05-22T14:41:50.068+09:00  INFO 12412 --- [community] [restartedMain] o.apache.catalina.core.StandardService   : Starting service [Tomcat]
2024-05-22T14:41:50.068+09:00  INFO 12412 --- [community] [restartedMain] o.apache.catalina.core.StandardEngine    : Starting Servlet engine: [Apache Tomcat/10.1.19]
2024-05-22T14:41:50.093+09:00  INFO 12412 --- [community] [restartedMain] o.a.c.c.C.[.[localhost].[/community]     : Initializing Spring embedded WebApplicationContext
2024-05-22T14:41:50.093+09:00  INFO 12412 --- [community] [restartedMain] w.s.c.ServletWebServerApplicationContext : Root WebApplicationContext: initialization completed in 739 ms
2024-05-22T14:41:50.179+09:00  INFO 12412 --- [community] [restartedMain] o.hibernate.jpa.internal.util.LogHelper  : HHH000204: Processing PersistenceUnitInfo [name: default]
2024-05-22T14:41:50.205+09:00  INFO 12412 --- [community] [restartedMain] org.hibernate.Version                    : HHH000412: Hibernate ORM core version 6.4.4.Final
2024-05-22T14:41:50.221+09:00  INFO 12412 --- [community] [restartedMain] o.h.c.internal.RegionFactoryInitiator    : HHH000026: Second-level cache disabled
2024-05-22T14:41:50.354+09:00  INFO 12412 --- [community] [restartedMain] o.s.o.j.p.SpringPersistenceUnitInfo      : No LoadTimeWeaver setup: ignoring JPA class transformer
2024-05-22T14:41:50.368+09:00  INFO 12412 --- [community] [restartedMain] com.zaxxer.hikari.HikariDataSource       : HikariPool-1 - Starting...
2024-05-22T14:41:50.593+09:00  INFO 12412 --- [community] [restartedMain] com.zaxxer.hikari.pool.HikariPool        : HikariPool-1 - Added connection com.mysql.cj.jdbc.ConnectionImpl@58676157
2024-05-22T14:41:50.595+09:00  INFO 12412 --- [community] [restartedMain] com.zaxxer.hikari.HikariDataSource       : HikariPool-1 - Start completed.
2024-05-22T14:41:50.644+09:00  WARN 12412 --- [community] [restartedMain] org.hibernate.orm.deprecation            : HHH90000025: MySQLDialect does not need to be specified explicitly using 'hibernate.dialect' (remove the property setting and it will be selected by default)
2024-05-22T14:41:51.078+09:00  INFO 12412 --- [community] [restartedMain] o.h.e.t.j.p.i.JtaPlatformInitiator       : HHH000489: No JTA platform available (set 'hibernate.transaction.jta.platform' to enable JTA platform integration)
2024-05-22T14:41:51.124+09:00  INFO 12412 --- [community] [restartedMain] j.LocalContainerEntityManagerFactoryBean : Initialized JPA EntityManagerFactory for persistence unit 'default'
2024-05-22T14:41:51.293+09:00  WARN 12412 --- [community] [restartedMain] JpaBaseConfiguration$JpaWebConfiguration : spring.jpa.open-in-view is enabled by default. Therefore, database queries may be performed during view rendering. Explicitly configure spring.jpa.open-in-view to disable this warning
2024-05-22T14:41:51.347+09:00  INFO 12412 --- [community] [restartedMain] o.s.b.a.w.s.WelcomePageHandlerMapping    : Adding welcome page template: index
2024-05-22T14:41:51.398+09:00  INFO 12412 --- [community] [restartedMain] o.s.s.web.DefaultSecurityFilterChain     : Will secure any request with [org.springframework.security.web.session.DisableEncodeUrlFilter@7a1f32fa, org.springframework.security.web.context.request.async.WebAsyncManagerIntegrationFilter@3b14be2b, org.springframework.security.web.context.SecurityContextHolderFilter@2ac80803, org.springframework.security.web.header.HeaderWriterFilter@1ee6bfb9, org.springframework.web.filter.CorsFilter@4754dfe5, org.springframework.security.web.authentication.logout.LogoutFilter@14894f6f, org.springframework.security.web.authentication.UsernamePasswordAuthenticationFilter@62484fba, org.springframework.security.web.savedrequest.RequestCacheAwareFilter@55be82c8, org.springframework.security.web.servletapi.SecurityContextHolderAwareRequestFilter@59e9cf90, org.springframework.security.web.authentication.AnonymousAuthenticationFilter@50202b8d, org.springframework.security.web.access.ExceptionTranslationFilter@3aca38ea, org.springframework.security.web.access.intercept.AuthorizationFilter@61c401cb]
2024-05-22T14:41:51.577+09:00  INFO 12412 --- [community] [restartedMain] o.s.b.d.a.OptionalLiveReloadServer       : LiveReload server is running on port 35729
2024-05-22T14:41:51.597+09:00  INFO 12412 --- [community] [restartedMain] o.s.b.w.embedded.tomcat.TomcatWebServer  : Tomcat started on port 8080 (http) with context path '/community'
2024-05-22T14:41:51.605+09:00  INFO 12412 --- [community] [restartedMain] k.c.CommunitySiteBackTeam2Application    : Started CommunitySiteBackTeam2Application in 2.594 seconds (process running for 2.87)
2024-05-22T14:41:52.415+09:00  INFO 12412 --- [community] [http-nio-8080-exec-1] o.a.c.c.C.[.[localhost].[/community]     : Initializing Spring DispatcherServlet 'dispatcherServlet'
2024-05-22T14:41:52.415+09:00  INFO 12412 --- [community] [http-nio-8080-exec-1] o.s.web.servlet.DispatcherServlet        : Initializing Servlet 'dispatcherServlet'
2024-05-22T14:41:52.416+09:00  INFO 12412 --- [community] [http-nio-8080-exec-1] o.s.web.servlet.DispatcherServlet        : Completed initialization in 1 ms
2024-05-22T14:41:54.381+09:00  INFO 12412 --- [community] [http-nio-8080-exec-2] k.c.Handler.WebsocketHandler             : here//
2024-05-22T14:41:54.381+09:00  INFO 12412 --- [community] [http-nio-8080-exec-2] k.c.Handler.WebsocketHandler             : here2//
2024-05-22T14:42:07.785+09:00  INFO 12412 --- [community] [http-nio-8080-exec-10] k.c.Handler.WebsocketHandler             : here//
2024-05-22T14:42:07.786+09:00  INFO 12412 --- [community] [http-nio-8080-exec-10] k.c.Handler.WebsocketHandler             : here2//
2024-05-22T14:54:00.017+09:00  INFO 12412 --- [community] [http-nio-8080-exec-2] k.c.Handler.WebsocketHandler             : here//
2024-05-22T14:54:00.018+09:00  INFO 12412 --- [community] [http-nio-8080-exec-2] k.c.Handler.WebsocketHandler             : here2//
2024-05-22T14:54:05.483+09:00  INFO 12412 --- [community] [http-nio-8080-exec-4] k.c.Handler.WebsocketHandler             : here//
2024-05-22T14:54:05.483+09:00  INFO 12412 --- [community] [http-nio-8080-exec-4] k.c.Handler.WebsocketHandler             : here2//
2024-05-22T14:54:12.480+09:00  INFO 12412 --- [community] [http-nio-8080-exec-1] k.c.Handler.WebsocketHandler             : here//
2024-05-22T14:54:12.481+09:00  INFO 12412 --- [community] [http-nio-8080-exec-1] k.c.Handler.WebsocketHandler             : here2//
2024-05-22T14:54:40.487+09:00  INFO 12412 --- [community] [http-nio-8080-exec-3] k.c.Handler.WebsocketHandler             : here//
2024-05-22T14:54:40.487+09:00  INFO 12412 --- [community] [http-nio-8080-exec-3] k.c.Handler.WebsocketHandler             : here2//
2024-05-22T14:54:50.140+09:00  INFO 12412 --- [community] [http-nio-8080-exec-1] k.c.Handler.WebsocketHandler             : here//
2024-05-22T14:54:50.140+09:00  INFO 12412 --- [community] [http-nio-8080-exec-1] k.c.Handler.WebsocketHandler             : here2//
2024-05-22T14:55:11.446+09:00  INFO 12412 --- [community] [http-nio-8080-exec-4] k.c.Handler.WebsocketHandler             : here//
2024-05-22T14:55:11.447+09:00  INFO 12412 --- [community] [http-nio-8080-exec-4] k.c.Handler.WebsocketHandler             : here2//
2024-05-22T14:55:32.082+09:00  INFO 12412 --- [community] [http-nio-8080-exec-7] k.c.Handler.WebsocketHandler             : here//
2024-05-22T14:55:32.082+09:00  INFO 12412 --- [community] [http-nio-8080-exec-7] k.c.Handler.WebsocketHandler             : here2//
2024-05-22T14:56:34.045+09:00  INFO 12412 --- [community] [http-nio-8080-exec-9] k.c.Handler.WebsocketHandler             : here//
2024-05-22T14:56:34.045+09:00  INFO 12412 --- [community] [http-nio-8080-exec-9] k.c.Handler.WebsocketHandler             : here2//
2024-05-22T14:58:50.155+09:00  INFO 12412 --- [community] [http-nio-8080-exec-10] k.c.Handler.WebsocketHandler             : here//
2024-05-22T14:58:50.155+09:00  INFO 12412 --- [community] [http-nio-8080-exec-10] k.c.Handler.WebsocketHandler             : here2//
2024-05-22T15:10:22.201+09:00  INFO 12412 --- [community] [http-nio-8080-exec-3] k.c.Handler.WebsocketHandler             : here//
2024-05-22T15:10:22.201+09:00  INFO 12412 --- [community] [http-nio-8080-exec-3] k.c.Handler.WebsocketHandler             : here2//
2024-05-22T15:11:21.920+09:00  INFO 12412 --- [community] [http-nio-8080-exec-7] k.c.Handler.WebsocketHandler             : here//
2024-05-22T15:11:21.920+09:00  INFO 12412 --- [community] [http-nio-8080-exec-7] k.c.Handler.WebsocketHandler             : here2//
2024-05-22T15:11:35.173+09:00  INFO 12412 --- [community] [http-nio-8080-exec-10] k.c.Handler.WebsocketHandler             : here//
2024-05-22T15:11:35.174+09:00  INFO 12412 --- [community] [http-nio-8080-exec-10] k.c.Handler.WebsocketHandler             : here2//
2024-05-22T15:12:24.570+09:00  INFO 12412 --- [community] [http-nio-8080-exec-6] k.c.Handler.WebsocketHandler             : here//
2024-05-22T15:12:24.570+09:00  INFO 12412 --- [community] [http-nio-8080-exec-6] k.c.Handler.WebsocketHandler             : here2//
2024-05-22T15:19:51.059+09:00  INFO 12412 --- [community] [http-nio-8080-exec-10] k.c.Handler.WebsocketHandler             : here//
2024-05-22T15:19:51.059+09:00  INFO 12412 --- [community] [http-nio-8080-exec-10] k.c.Handler.WebsocketHandler             : here2//
2024-05-22T15:37:53.091+09:00  INFO 12412 --- [community] [http-nio-8080-exec-9] k.c.Handler.WebsocketHandler             : here//
2024-05-22T15:37:53.092+09:00  INFO 12412 --- [community] [http-nio-8080-exec-9] k.c.Handler.WebsocketHandler             : here2//
2024-05-22T15:37:53.661+09:00  INFO 12412 --- [community] [http-nio-8080-exec-2] k.c.Handler.WebsocketHandler             : here//
2024-05-22T15:37:53.662+09:00  INFO 12412 --- [community] [http-nio-8080-exec-2] k.c.Handler.WebsocketHandler             : here2//
2024-05-22T15:37:53.938+09:00  INFO 12412 --- [community] [http-nio-8080-exec-10] k.c.Handler.WebsocketHandler             : here//
2024-05-22T15:37:53.938+09:00  INFO 12412 --- [community] [http-nio-8080-exec-10] k.c.Handler.WebsocketHandler             : here2//
2024-05-22T15:37:53.949+09:00  INFO 12412 --- [community] [http-nio-8080-exec-7] k.c.Handler.WebsocketHandler             : here//
2024-05-22T15:37:53.950+09:00  INFO 12412 --- [community] [http-nio-8080-exec-7] k.c.Handler.WebsocketHandler             : here2//
2024-05-22T15:37:54.566+09:00  INFO 12412 --- [community] [http-nio-8080-exec-8] k.c.Handler.WebsocketHandler             : here//
2024-05-22T15:37:54.566+09:00  INFO 12412 --- [community] [http-nio-8080-exec-8] k.c.Handler.WebsocketHandler             : here2//
2024-05-22T15:37:54.696+09:00  INFO 12412 --- [community] [http-nio-8080-exec-2] k.c.Handler.WebsocketHandler             : here//
2024-05-22T15:37:54.696+09:00  INFO 12412 --- [community] [http-nio-8080-exec-2] k.c.Handler.WebsocketHandler             : here2//
2024-05-22T15:37:57.521+09:00  INFO 12412 --- [community] [http-nio-8080-exec-4] k.c.Handler.WebsocketHandler             : here//
2024-05-22T15:37:57.521+09:00  INFO 12412 --- [community] [http-nio-8080-exec-4] k.c.Handler.WebsocketHandler             : here2//
2024-05-22T15:37:57.533+09:00  INFO 12412 --- [community] [http-nio-8080-exec-5] k.c.Handler.WebsocketHandler             : here//
2024-05-22T15:37:57.533+09:00  INFO 12412 --- [community] [http-nio-8080-exec-5] k.c.Handler.WebsocketHandler             : here2//
2024-05-22T15:38:00.834+09:00  INFO 12412 --- [community] [http-nio-8080-exec-9] k.c.Handler.WebsocketHandler             : here//
2024-05-22T15:38:00.835+09:00  INFO 12412 --- [community] [http-nio-8080-exec-9] k.c.Handler.WebsocketHandler             : here2//
2024-05-22T15:38:00.847+09:00  INFO 12412 --- [community] [http-nio-8080-exec-2] k.c.Handler.WebsocketHandler             : here//
2024-05-22T15:38:00.848+09:00  INFO 12412 --- [community] [http-nio-8080-exec-2] k.c.Handler.WebsocketHandler             : here2//
2024-05-22T15:38:02.920+09:00  INFO 12412 --- [community] [http-nio-8080-exec-3] k.c.Handler.WebsocketHandler             : here//
2024-05-22T15:38:02.921+09:00  INFO 12412 --- [community] [http-nio-8080-exec-3] k.c.Handler.WebsocketHandler             : here2//
2024-05-22T15:38:03.067+09:00  INFO 12412 --- [community] [http-nio-8080-exec-7] k.c.Handler.WebsocketHandler             : here//
2024-05-22T15:38:03.067+09:00  INFO 12412 --- [community] [http-nio-8080-exec-7] k.c.Handler.WebsocketHandler             : here2//
2024-05-22T15:38:03.206+09:00  INFO 12412 --- [community] [http-nio-8080-exec-9] k.c.Handler.WebsocketHandler             : here//
2024-05-22T15:38:03.206+09:00  INFO 12412 --- [community] [http-nio-8080-exec-9] k.c.Handler.WebsocketHandler             : here2//
2024-05-22T15:38:05.719+09:00  INFO 12412 --- [community] [http-nio-8080-exec-8] k.c.Handler.WebsocketHandler             : here//
2024-05-22T15:38:05.720+09:00  INFO 12412 --- [community] [http-nio-8080-exec-8] k.c.Handler.WebsocketHandler             : here2//
2024-05-22T15:38:05.905+09:00  INFO 12412 --- [community] [http-nio-8080-exec-10] k.c.Handler.WebsocketHandler             : here//
2024-05-22T15:38:05.906+09:00  INFO 12412 --- [community] [http-nio-8080-exec-10] k.c.Handler.WebsocketHandler             : here2//
2024-05-22T15:38:06.088+09:00  INFO 12412 --- [community] [http-nio-8080-exec-3] k.c.Handler.WebsocketHandler             : here//
2024-05-22T15:38:06.088+09:00  INFO 12412 --- [community] [http-nio-8080-exec-3] k.c.Handler.WebsocketHandler             : here2//
2024-05-22T15:38:07.988+09:00  INFO 12412 --- [community] [http-nio-8080-exec-7] k.c.Handler.WebsocketHandler             : here//
2024-05-22T15:38:07.988+09:00  INFO 12412 --- [community] [http-nio-8080-exec-7] k.c.Handler.WebsocketHandler             : here2//
2024-05-22T15:38:08.170+09:00  INFO 12412 --- [community] [http-nio-8080-exec-9] k.c.Handler.WebsocketHandler             : here//
2024-05-22T15:38:08.170+09:00  INFO 12412 --- [community] [http-nio-8080-exec-9] k.c.Handler.WebsocketHandler             : here2//
2024-05-22T15:38:08.352+09:00  INFO 12412 --- [community] [http-nio-8080-exec-8] k.c.Handler.WebsocketHandler             : here//
2024-05-22T15:38:08.353+09:00  INFO 12412 --- [community] [http-nio-8080-exec-8] k.c.Handler.WebsocketHandler             : here2//
2024-05-22T15:38:08.521+09:00  INFO 12412 --- [community] [http-nio-8080-exec-10] k.c.Handler.WebsocketHandler             : here//
2024-05-22T15:38:08.521+09:00  INFO 12412 --- [community] [http-nio-8080-exec-10] k.c.Handler.WebsocketHandler             : here2//
2024-05-22T15:38:08.675+09:00  INFO 12412 --- [community] [http-nio-8080-exec-3] k.c.Handler.WebsocketHandler             : here//
2024-05-22T15:38:08.676+09:00  INFO 12412 --- [community] [http-nio-8080-exec-3] k.c.Handler.WebsocketHandler             : here2//
2024-05-22T15:38:08.836+09:00  INFO 12412 --- [community] [http-nio-8080-exec-7] k.c.Handler.WebsocketHandler             : here//
2024-05-22T15:38:08.836+09:00  INFO 12412 --- [community] [http-nio-8080-exec-7] k.c.Handler.WebsocketHandler             : here2//
2024-05-22T15:38:09.024+09:00  INFO 12412 --- [community] [http-nio-8080-exec-9] k.c.Handler.WebsocketHandler             : here//
2024-05-22T15:38:09.024+09:00  INFO 12412 --- [community] [http-nio-8080-exec-9] k.c.Handler.WebsocketHandler             : here2//
2024-05-22T15:38:09.175+09:00  INFO 12412 --- [community] [http-nio-8080-exec-8] k.c.Handler.WebsocketHandler             : here//
2024-05-22T15:38:09.175+09:00  INFO 12412 --- [community] [http-nio-8080-exec-8] k.c.Handler.WebsocketHandler             : here2//
2024-05-22T15:38:09.502+09:00  INFO 12412 --- [community] [http-nio-8080-exec-10] k.c.Handler.WebsocketHandler             : here//
2024-05-22T15:38:09.504+09:00  INFO 12412 --- [community] [http-nio-8080-exec-10] k.c.Handler.WebsocketHandler             : here2//
2024-05-22T15:38:09.517+09:00  INFO 12412 --- [community] [http-nio-8080-exec-7] k.c.Handler.WebsocketHandler             : here//
2024-05-22T15:38:09.517+09:00  INFO 12412 --- [community] [http-nio-8080-exec-7] k.c.Handler.WebsocketHandler             : here2//
2024-05-22T15:39:19.151+09:00  INFO 12412 --- [community] [http-nio-8080-exec-2] k.c.Handler.WebsocketHandler             : here//
2024-05-22T15:39:19.151+09:00  INFO 12412 --- [community] [http-nio-8080-exec-2] k.c.Handler.WebsocketHandler             : here2//
2024-05-22T15:39:19.174+09:00  INFO 12412 --- [community] [http-nio-8080-exec-4] k.c.Handler.WebsocketHandler             : here//
2024-05-22T15:39:19.175+09:00  INFO 12412 --- [community] [http-nio-8080-exec-4] k.c.Handler.WebsocketHandler             : here2//
2024-05-22T15:39:21.757+09:00  INFO 12412 --- [community] [http-nio-8080-exec-5] k.c.Handler.WebsocketHandler             : here//
2024-05-22T15:39:21.758+09:00  INFO 12412 --- [community] [http-nio-8080-exec-5] k.c.Handler.WebsocketHandler             : here2//
2024-05-22T15:39:21.945+09:00  INFO 12412 --- [community] [http-nio-8080-exec-1] k.c.Handler.WebsocketHandler             : here//
2024-05-22T15:39:21.945+09:00  INFO 12412 --- [community] [http-nio-8080-exec-1] k.c.Handler.WebsocketHandler             : here2//
2024-05-22T15:39:22.092+09:00  INFO 12412 --- [community] [http-nio-8080-exec-9] k.c.Handler.WebsocketHandler             : here//
2024-05-22T15:39:22.092+09:00  INFO 12412 --- [community] [http-nio-8080-exec-9] k.c.Handler.WebsocketHandler             : here2//
2024-05-22T15:39:22.247+09:00  INFO 12412 --- [community] [http-nio-8080-exec-6] k.c.Handler.WebsocketHandler             : here//
2024-05-22T15:39:22.247+09:00  INFO 12412 --- [community] [http-nio-8080-exec-6] k.c.Handler.WebsocketHandler             : here2//
2024-05-22T15:39:22.755+09:00  INFO 12412 --- [community] [http-nio-8080-exec-10] k.c.Handler.WebsocketHandler             : here//
2024-05-22T15:39:22.756+09:00  INFO 12412 --- [community] [http-nio-8080-exec-10] k.c.Handler.WebsocketHandler             : here2//
2024-05-22T15:39:22.768+09:00  INFO 12412 --- [community] [http-nio-8080-exec-1] k.c.Handler.WebsocketHandler             : here//
2024-05-22T15:39:22.768+09:00  INFO 12412 --- [community] [http-nio-8080-exec-1] k.c.Handler.WebsocketHandler             : here2//
2024-05-22T15:39:23.905+09:00  INFO 12412 --- [community] [http-nio-8080-exec-9] k.c.Handler.WebsocketHandler             : here//
2024-05-22T15:39:23.905+09:00  INFO 12412 --- [community] [http-nio-8080-exec-9] k.c.Handler.WebsocketHandler             : here2//
2024-05-22T15:39:24.093+09:00  INFO 12412 --- [community] [http-nio-8080-exec-6] k.c.Handler.WebsocketHandler             : here//
2024-05-22T15:39:24.093+09:00  INFO 12412 --- [community] [http-nio-8080-exec-6] k.c.Handler.WebsocketHandler             : here2//
2024-05-22T15:39:24.249+09:00  INFO 12412 --- [community] [http-nio-8080-exec-3] k.c.Handler.WebsocketHandler             : here//
2024-05-22T15:39:24.249+09:00  INFO 12412 --- [community] [http-nio-8080-exec-3] k.c.Handler.WebsocketHandler             : here2//
2024-05-22T15:39:24.409+09:00  INFO 12412 --- [community] [http-nio-8080-exec-5] k.c.Handler.WebsocketHandler             : here//
2024-05-22T15:39:24.409+09:00  INFO 12412 --- [community] [http-nio-8080-exec-5] k.c.Handler.WebsocketHandler             : here2//
2024-05-22T15:39:24.573+09:00  INFO 12412 --- [community] [http-nio-8080-exec-7] k.c.Handler.WebsocketHandler             : here//
2024-05-22T15:39:24.573+09:00  INFO 12412 --- [community] [http-nio-8080-exec-7] k.c.Handler.WebsocketHandler             : here2//
2024-05-22T15:39:24.721+09:00  INFO 12412 --- [community] [http-nio-8080-exec-9] k.c.Handler.WebsocketHandler             : here//
2024-05-22T15:39:24.722+09:00  INFO 12412 --- [community] [http-nio-8080-exec-9] k.c.Handler.WebsocketHandler             : here2//
2024-05-22T15:39:24.888+09:00  INFO 12412 --- [community] [http-nio-8080-exec-6] k.c.Handler.WebsocketHandler             : here//
2024-05-22T15:39:24.889+09:00  INFO 12412 --- [community] [http-nio-8080-exec-6] k.c.Handler.WebsocketHandler             : here2//
2024-05-22T15:39:25.055+09:00  INFO 12412 --- [community] [http-nio-8080-exec-3] k.c.Handler.WebsocketHandler             : here//
2024-05-22T15:39:25.055+09:00  INFO 12412 --- [community] [http-nio-8080-exec-3] k.c.Handler.WebsocketHandler             : here2//
2024-05-22T15:39:25.264+09:00  INFO 12412 --- [community] [http-nio-8080-exec-5] k.c.Handler.WebsocketHandler             : here//
2024-05-22T15:39:25.265+09:00  INFO 12412 --- [community] [http-nio-8080-exec-5] k.c.Handler.WebsocketHandler             : here2//
2024-05-22T15:39:25.463+09:00  INFO 12412 --- [community] [http-nio-8080-exec-7] k.c.Handler.WebsocketHandler             : here//
2024-05-22T15:39:25.463+09:00  INFO 12412 --- [community] [http-nio-8080-exec-7] k.c.Handler.WebsocketHandler             : here2//
2024-05-22T15:39:25.628+09:00  INFO 12412 --- [community] [http-nio-8080-exec-9] k.c.Handler.WebsocketHandler             : here//
2024-05-22T15:39:25.628+09:00  INFO 12412 --- [community] [http-nio-8080-exec-9] k.c.Handler.WebsocketHandler             : here2//
2024-05-22T15:39:25.806+09:00  INFO 12412 --- [community] [http-nio-8080-exec-6] k.c.Handler.WebsocketHandler             : here//
2024-05-22T15:39:25.806+09:00  INFO 12412 --- [community] [http-nio-8080-exec-6] k.c.Handler.WebsocketHandler             : here2//
2024-05-22T15:39:25.976+09:00  INFO 12412 --- [community] [http-nio-8080-exec-3] k.c.Handler.WebsocketHandler             : here//
2024-05-22T15:39:25.976+09:00  INFO 12412 --- [community] [http-nio-8080-exec-3] k.c.Handler.WebsocketHandler             : here2//
2024-05-22T15:39:38.228+09:00  INFO 12412 --- [community] [http-nio-8080-exec-7] k.c.Handler.WebsocketHandler             : here//
2024-05-22T15:39:38.229+09:00  INFO 12412 --- [community] [http-nio-8080-exec-7] k.c.Handler.WebsocketHandler             : here2//
2024-05-22T15:39:40.301+09:00  INFO 12412 --- [community] [http-nio-8080-exec-8] k.c.Handler.WebsocketHandler             : here//
2024-05-22T15:39:40.301+09:00  INFO 12412 --- [community] [http-nio-8080-exec-8] k.c.Handler.WebsocketHandler             : here2//
2024-05-22T15:39:40.315+09:00  INFO 12412 --- [community] [http-nio-8080-exec-3] k.c.Handler.WebsocketHandler             : here//
2024-05-22T15:39:40.315+09:00  INFO 12412 --- [community] [http-nio-8080-exec-3] k.c.Handler.WebsocketHandler             : here2//
2024-05-22T15:42:17.172+09:00  INFO 12412 --- [community] [http-nio-8080-exec-5] k.c.Handler.WebsocketHandler             : here//
2024-05-22T15:42:17.173+09:00  INFO 12412 --- [community] [http-nio-8080-exec-5] k.c.Handler.WebsocketHandler             : here2//
2024-05-22T15:42:57.624+09:00  INFO 12412 --- [community] [http-nio-8080-exec-10] k.c.Handler.WebsocketHandler             : here//
2024-05-22T15:42:57.624+09:00  INFO 12412 --- [community] [http-nio-8080-exec-10] k.c.Handler.WebsocketHandler             : here2//
2024-05-22T15:43:00.817+09:00  INFO 12412 --- [community] [http-nio-8080-exec-2] k.c.Handler.WebsocketHandler             : here//
2024-05-22T15:43:00.818+09:00  INFO 12412 --- [community] [http-nio-8080-exec-2] k.c.Handler.WebsocketHandler             : here2//
2024-05-22T15:44:48.028+09:00  INFO 12412 --- [community] [http-nio-8080-exec-1] k.c.Handler.WebsocketHandler             : here//
2024-05-22T15:44:48.028+09:00  INFO 12412 --- [community] [http-nio-8080-exec-1] k.c.Handler.WebsocketHandler             : here2//
2024-05-22T16:03:40.639+09:00  INFO 12412 --- [community] [http-nio-8080-exec-7] k.c.Handler.WebsocketHandler             : here//
2024-05-22T16:03:40.639+09:00  INFO 12412 --- [community] [http-nio-8080-exec-7] k.c.Handler.WebsocketHandler             : here2//
2024-05-22T16:04:52.580+09:00  INFO 12412 --- [community] [http-nio-8080-exec-4] k.c.Handler.WebsocketHandler             : here//
2024-05-22T16:04:52.580+09:00  INFO 12412 --- [community] [http-nio-8080-exec-4] k.c.Handler.WebsocketHandler             : here2//
2024-05-22T16:05:23.542+09:00  INFO 12412 --- [community] [http-nio-8080-exec-6] k.c.Handler.WebsocketHandler             : here//
2024-05-22T16:05:23.542+09:00  INFO 12412 --- [community] [http-nio-8080-exec-6] k.c.Handler.WebsocketHandler             : here2//
2024-05-22T16:11:08.388+09:00  INFO 12412 --- [community] [http-nio-8080-exec-10] k.c.Handler.WebsocketHandler             : here//
2024-05-22T16:11:08.388+09:00  INFO 12412 --- [community] [http-nio-8080-exec-10] k.c.Handler.WebsocketHandler             : here2//
2024-05-22T16:52:00.237+09:00  INFO 12412 --- [community] [SpringApplicationShutdownHook] j.LocalContainerEntityManagerFactoryBean : Closing JPA EntityManagerFactory for persistence unit 'default'
2024-05-22T16:52:00.240+09:00  INFO 12412 --- [community] [SpringApplicationShutdownHook] com.zaxxer.hikari.HikariDataSource       : HikariPool-1 - Shutdown initiated...
2024-05-22T16:52:00.340+09:00  INFO 12412 --- [community] [SpringApplicationShutdownHook] com.zaxxer.hikari.HikariDataSource       : HikariPool-1 - Shutdown completed.
